TN:
SF:src/app.controller.ts
FN:6,(anonymous_2)
FN:9,(anonymous_3)
FNF:2
FNH:0
FNDA:0,(anonymous_2)
FNDA:0,(anonymous_3)
DA:1,0
DA:2,0
DA:5,0
DA:6,0
DA:9,0
DA:10,0
LF:6
LH:0
BRDA:6,0,0,0
BRDA:6,0,1,0
BRDA:6,1,0,0
BRDA:6,1,1,0
BRF:4
BRH:0
end_of_record
TN:
SF:src/app.module.ts
FNF:0
FNH:0
DA:1,0
DA:2,0
DA:3,0
DA:4,0
DA:5,0
DA:6,0
DA:7,0
DA:8,0
DA:9,0
DA:10,0
DA:11,0
DA:12,0
DA:13,0
DA:14,0
DA:15,0
DA:16,0
DA:17,0
DA:18,0
DA:19,0
DA:20,0
DA:21,0
DA:22,0
DA:23,0
DA:24,0
DA:25,0
DA:26,0
DA:27,0
DA:28,0
DA:29,0
DA:30,0
DA:31,0
DA:32,0
DA:145,0
LF:33
LH:0
BRDA:50,0,0,0
BRDA:50,0,1,0
BRDA:51,1,0,0
BRDA:51,1,1,0
BRDA:65,2,0,0
BRDA:65,2,1,0
BRDA:65,3,0,0
BRDA:65,3,1,0
BRDA:74,4,0,0
BRDA:74,4,1,0
BRF:10
BRH:0
end_of_record
TN:
SF:src/app.service.ts
FN:5,(anonymous_1)
FNF:1
FNH:0
FNDA:0,(anonymous_1)
DA:1,0
DA:4,0
DA:6,0
LF:3
LH:0
BRF:0
BRH:0
end_of_record
TN:
SF:src/main.ts
FN:16,bootstrap
FN:94,(anonymous_11)
FNF:2
FNH:0
FNDA:0,bootstrap
FNDA:0,(anonymous_11)
DA:1,0
DA:2,0
DA:4,0
DA:5,0
DA:6,0
DA:7,0
DA:8,0
DA:9,0
DA:10,0
DA:11,0
DA:12,0
DA:13,0
DA:14,0
DA:20,0
DA:21,0
DA:22,0
DA:28,0
DA:29,0
DA:32,0
DA:35,0
DA:40,0
DA:42,0
DA:77,0
DA:82,0
DA:83,0
DA:88,0
DA:93,0
DA:96,0
DA:97,0
DA:99,0
DA:111,0
DA:123,0
DA:131,0
DA:140,0
DA:143,0
DA:152,0
DA:153,0
DA:198,0
DA:199,0
DA:208,0
DA:209,0
DA:211,0
DA:212,0
DA:213,0
DA:215,0
DA:216,0
DA:217,0
DA:219,0
LF:48
LH:0
BRDA:21,0,0,0
BRDA:21,0,1,0
BRDA:24,1,0,0
BRDA:24,1,1,0
BRDA:25,2,0,0
BRDA:25,2,1,0
BRDA:26,3,0,0
BRDA:26,3,1,0
BRDA:45,4,0,0
BRDA:45,4,1,0
BRDA:65,5,0,0
BRDA:65,5,1,0
BRDA:88,6,0,0
BRDA:88,6,1,0
BRDA:96,7,0,0
BRDA:96,7,1,0
BRDA:96,8,0,0
BRDA:96,8,1,0
BRDA:133,9,0,0
BRDA:133,9,1,0
BRDA:152,10,0,0
BRDA:152,10,1,0
BRDA:208,11,0,0
BRDA:208,11,1,0
BRDA:212,12,0,0
BRDA:212,12,1,0
BRF:26
BRH:0
end_of_record
TN:
SF:src/activities/activities.controller.ts
FN:45,(anonymous_4)
FN:65,(anonymous_5)
FN:108,(anonymous_6)
FN:127,(anonymous_7)
FN:137,(anonymous_8)
FN:150,(anonymous_9)
FN:167,(anonymous_10)
FN:183,(anonymous_11)
FNF:8
FNH:0
FNDA:0,(anonymous_4)
FNDA:0,(anonymous_5)
FNDA:0,(anonymous_6)
FNDA:0,(anonymous_7)
FNDA:0,(anonymous_8)
FNDA:0,(anonymous_9)
FNDA:0,(anonymous_10)
FNDA:0,(anonymous_11)
DA:1,0
DA:14,0
DA:22,0
DA:23,0
DA:28,0
DA:33,0
DA:38,0
DA:44,0
DA:45,0
DA:65,0
DA:75,0
DA:76,0
DA:77,0
DA:79,0
DA:108,0
DA:113,0
DA:127,0
DA:128,0
DA:137,0
DA:141,0
DA:150,0
DA:151,0
DA:167,0
DA:171,0
DA:183,0
DA:184,0
LF:26
LH:0
BRDA:76,0,0,0
BRDA:76,0,1,0
BRDA:77,1,0,0
BRDA:77,1,1,0
BRDA:84,2,0,0
BRDA:84,2,1,0
BRDA:84,3,0,0
BRDA:84,3,1,0
BRDA:110,4,0,0
BRDA:110,4,1,0
BRDA:110,5,0,0
BRDA:110,5,1,0
BRDA:139,6,0,0
BRDA:139,6,1,0
BRDA:139,7,0,0
BRDA:139,7,1,0
BRDA:169,8,0,0
BRDA:169,8,1,0
BRDA:169,9,0,0
BRDA:169,9,1,0
BRDA:45,10,0,0
BRDA:45,10,1,0
BRDA:45,11,0,0
BRDA:45,11,1,0
BRF:24
BRH:0
end_of_record
TN:
SF:src/activities/activities.module.ts
FNF:0
FNH:0
DA:1,0
DA:2,0
DA:3,0
DA:4,0
DA:5,0
DA:13,0
LF:6
LH:0
BRF:0
BRH:0
end_of_record
TN:
SF:src/activities/activities.service.ts
FN:30,(anonymous_4)
FN:72,(anonymous_5)
FN:92,(anonymous_6)
FN:94,(anonymous_7)
FN:125,(anonymous_8)
FN:137,(anonymous_9)
FN:150,(anonymous_10)
FN:192,(anonymous_11)
FN:225,(anonymous_12)
FN:241,(anonymous_13)
FN:255,(anonymous_14)
FN:278,(anonymous_15)
FN:298,(anonymous_16)
FN:300,(anonymous_17)
FN:311,(anonymous_18)
FN:321,(anonymous_19)
FN:350,(anonymous_20)
FN:361,(anonymous_21)
FNF:18
FNH:0
FNDA:0,(anonymous_4)
FNDA:0,(anonymous_5)
FNDA:0,(anonymous_6)
FNDA:0,(anonymous_7)
FNDA:0,(anonymous_8)
FNDA:0,(anonymous_9)
FNDA:0,(anonymous_10)
FNDA:0,(anonymous_11)
FNDA:0,(anonymous_12)
FNDA:0,(anonymous_13)
FNDA:0,(anonymous_14)
FNDA:0,(anonymous_15)
FNDA:0,(anonymous_16)
FNDA:0,(anonymous_17)
FNDA:0,(anonymous_18)
FNDA:0,(anonymous_19)
FNDA:0,(anonymous_20)
FNDA:0,(anonymous_21)
DA:1,0
DA:7,0
DA:8,0
DA:15,0
DA:20,0
DA:27,0
DA:28,0
DA:31,0
DA:33,0
DA:36,0
DA:77,0
DA:86,0
DA:87,0
DA:90,0
DA:92,0
DA:94,0
DA:96,0
DA:97,0
DA:100,0
DA:113,0
DA:124,0
DA:126,0
DA:130,0
DA:138,0
DA:143,0
DA:144,0
DA:147,0
DA:151,0
DA:153,0
DA:189,0
DA:193,0
DA:195,0
DA:199,0
DA:200,0
DA:201,0
DA:202,0
DA:203,0
DA:204,0
DA:205,0
DA:206,0
DA:207,0
DA:208,0
DA:209,0
DA:210,0
DA:211,0
DA:212,0
DA:213,0
DA:214,0
DA:216,0
DA:222,0
DA:226,0
DA:228,0
DA:242,0
DA:244,0
DA:246,0
DA:256,0
DA:258,0
DA:260,0
DA:261,0
DA:264,0
DA:277,0
DA:278,0
DA:290,0
DA:299,0
DA:301,0
DA:302,0
DA:309,0
DA:311,0
DA:313,0
DA:315,0
DA:323,0
DA:331,0
DA:338,0
DA:354,0
DA:356,0
DA:365,0
DA:370,0
DA:371,0
DA:374,0
DA:379,0
DA:380,0
DA:385,0
DA:386,0
DA:391,0
LF:84
LH:0
BRDA:86,0,0,0
BRDA:86,0,1,0
BRDA:92,1,0,0
BRDA:92,1,1,0
BRDA:96,2,0,0
BRDA:96,2,1,0
BRDA:97,3,0,0
BRDA:97,3,1,0
BRDA:107,4,0,0
BRDA:107,4,1,0
BRDA:108,5,0,0
BRDA:108,5,1,0
BRDA:118,6,0,0
BRDA:118,6,1,0
BRDA:119,7,0,0
BRDA:119,7,1,0
BRDA:133,8,0,0
BRDA:133,8,1,0
BRDA:143,9,0,0
BRDA:143,9,1,0
BRDA:160,10,0,0
BRDA:160,10,1,0
BRDA:163,11,0,0
BRDA:163,11,1,0
BRDA:167,12,0,0
BRDA:167,12,1,0
BRDA:199,13,0,0
BRDA:199,13,1,0
BRDA:200,14,0,0
BRDA:200,14,1,0
BRDA:201,15,0,0
BRDA:201,15,1,0
BRDA:202,16,0,0
BRDA:202,16,1,0
BRDA:203,17,0,0
BRDA:203,17,1,0
BRDA:205,18,0,0
BRDA:205,18,1,0
BRDA:207,19,0,0
BRDA:207,19,1,0
BRDA:208,20,0,0
BRDA:208,20,1,0
BRDA:209,21,0,0
BRDA:209,21,1,0
BRDA:211,22,0,0
BRDA:211,22,1,0
BRDA:212,23,0,0
BRDA:212,23,1,0
BRDA:213,24,0,0
BRDA:213,24,1,0
BRDA:258,25,0,0
BRDA:258,25,1,0
BRDA:260,26,0,0
BRDA:260,26,1,0
BRDA:281,27,0,0
BRDA:281,27,1,0
BRDA:299,28,0,0
BRDA:299,28,1,0
BRDA:301,29,0,0
BRDA:301,29,1,0
BRDA:305,30,0,0
BRDA:305,30,1,0
BRDA:323,31,0,0
BRDA:323,31,1,0
BRDA:331,32,0,0
BRDA:331,32,1,0
BRDA:341,33,0,0
BRDA:341,33,1,0
BRDA:354,34,0,0
BRDA:354,34,1,0
BRDA:370,35,0,0
BRDA:370,35,1,0
BRDA:379,36,0,0
BRDA:379,36,1,0
BRDA:385,37,0,0
BRDA:385,37,1,0
BRDA:31,38,0,0
BRDA:31,38,1,0
BRDA:31,39,0,0
BRDA:31,39,1,0
BRF:80
BRH:0
end_of_record
TN:
SF:src/activities/dto/activities.dto.ts
FN:91,(anonymous_2)
FN:167,(anonymous_3)
FN:178,(anonymous_4)
FNF:3
FNH:0
FNDA:0,(anonymous_2)
FNDA:0,(anonymous_3)
FNDA:0,(anonymous_4)
DA:1,0
DA:11,0
DA:12,0
DA:14,0
DA:17,0
DA:22,0
DA:28,0
DA:34,0
DA:40,0
DA:48,0
DA:52,0
DA:56,0
DA:64,0
DA:71,0
DA:76,0
DA:81,0
DA:86,0
DA:91,0
DA:93,0
DA:96,0
DA:100,0
DA:105,0
DA:110,0
DA:115,0
DA:120,0
DA:125,0
DA:130,0
DA:135,0
DA:140,0
DA:145,0
DA:150,0
DA:155,0
DA:158,0
DA:161,0
DA:164,0
DA:167,0
DA:169,0
DA:174,0
DA:178,0
DA:180,0
LF:40
LH:0
BRF:0
BRH:0
end_of_record
TN:
SF:src/activities/dto/index.ts
FNF:0
FNH:0
DA:1,0
LF:1
LH:0
BRF:0
BRH:0
end_of_record
TN:
SF:src/admin/admin-geography.controller.ts
FN:41,(anonymous_4)
FN:46,(anonymous_5)
FN:54,(anonymous_6)
FN:62,(anonymous_7)
FN:78,(anonymous_8)
FN:93,(anonymous_9)
FN:104,(anonymous_10)
FN:112,(anonymous_11)
FN:128,(anonymous_12)
FN:140,(anonymous_13)
FN:151,(anonymous_14)
FN:162,(anonymous_15)
FN:178,(anonymous_16)
FN:193,(anonymous_17)
FN:204,(anonymous_18)
FN:212,(anonymous_19)
FN:228,(anonymous_20)
FN:243,(anonymous_21)
FN:254,(anonymous_22)
FN:262,(anonymous_23)
FN:278,(anonymous_24)
FNF:21
FNH:0
FNDA:0,(anonymous_4)
FNDA:0,(anonymous_5)
FNDA:0,(anonymous_6)
FNDA:0,(anonymous_7)
FNDA:0,(anonymous_8)
FNDA:0,(anonymous_9)
FNDA:0,(anonymous_10)
FNDA:0,(anonymous_11)
FNDA:0,(anonymous_12)
FNDA:0,(anonymous_13)
FNDA:0,(anonymous_14)
FNDA:0,(anonymous_15)
FNDA:0,(anonymous_16)
FNDA:0,(anonymous_17)
FNDA:0,(anonymous_18)
FNDA:0,(anonymous_19)
FNDA:0,(anonymous_20)
FNDA:0,(anonymous_21)
FNDA:0,(anonymous_22)
FNDA:0,(anonymous_23)
FNDA:0,(anonymous_24)
DA:1,0
DA:14,0
DA:20,0
DA:21,0
DA:22,0
DA:23,0
DA:40,0
DA:41,0
DA:46,0
DA:47,0
DA:48,0
DA:54,0
DA:55,0
DA:56,0
DA:62,0
DA:67,0
DA:72,0
DA:78,0
DA:82,0
DA:86,0
DA:93,0
DA:97,0
DA:98,0
DA:104,0
DA:105,0
DA:106,0
DA:112,0
DA:117,0
DA:122,0
DA:128,0
DA:132,0
DA:133,0
DA:140,0
DA:144,0
DA:145,0
DA:151,0
DA:152,0
DA:156,0
DA:162,0
DA:167,0
DA:172,0
DA:178,0
DA:182,0
DA:186,0
DA:193,0
DA:197,0
DA:198,0
DA:204,0
DA:205,0
DA:206,0
DA:212,0
DA:217,0
DA:222,0
DA:228,0
DA:232,0
DA:236,0
DA:243,0
DA:247,0
DA:248,0
DA:254,0
DA:255,0
DA:256,0
DA:262,0
DA:267,0
DA:272,0
DA:278,0
DA:282,0
DA:286,0
LF:68
LH:0
BRDA:54,0,0,0
BRDA:54,0,1,0
BRDA:54,1,0,0
BRDA:54,1,1,0
BRDA:64,2,0,0
BRDA:64,2,1,0
BRDA:64,3,0,0
BRDA:64,3,1,0
BRDA:104,4,0,0
BRDA:104,4,1,0
BRDA:104,5,0,0
BRDA:104,5,1,0
BRDA:114,6,0,0
BRDA:114,6,1,0
BRDA:114,7,0,0
BRDA:114,7,1,0
BRDA:151,8,0,0
BRDA:151,8,1,0
BRDA:151,9,0,0
BRDA:151,9,1,0
BRDA:164,10,0,0
BRDA:164,10,1,0
BRDA:164,11,0,0
BRDA:164,11,1,0
BRDA:204,12,0,0
BRDA:204,12,1,0
BRDA:204,13,0,0
BRDA:204,13,1,0
BRDA:214,14,0,0
BRDA:214,14,1,0
BRDA:214,15,0,0
BRDA:214,15,1,0
BRDA:254,16,0,0
BRDA:254,16,1,0
BRDA:254,17,0,0
BRDA:254,17,1,0
BRDA:264,18,0,0
BRDA:264,18,1,0
BRDA:264,19,0,0
BRDA:264,19,1,0
BRDA:41,20,0,0
BRDA:41,20,1,0
BRDA:41,21,0,0
BRDA:41,21,1,0
BRF:44
BRH:0
end_of_record
TN:
SF:src/admin/admin-geography.service.ts
FN:25,(anonymous_2)
FN:27,(anonymous_3)
FN:31,(anonymous_4)
FN:35,(anonymous_5)
FN:52,(anonymous_6)
FN:58,(anonymous_7)
FN:76,(anonymous_8)
FN:106,(anonymous_9)
FN:134,(anonymous_10)
FN:141,(anonymous_11)
FN:161,(anonymous_12)
FN:192,(anonymous_13)
FN:220,(anonymous_14)
FN:227,(anonymous_15)
FN:252,(anonymous_16)
FN:287,(anonymous_17)
FN:315,(anonymous_18)
FN:322,(anonymous_19)
FN:355,(anonymous_20)
FN:398,(anonymous_21)
FN:426,(anonymous_22)
FN:433,(anonymous_23)
FN:461,(anonymous_24)
FN:500,(anonymous_25)
FN:515,(anonymous_26)
FN:547,(anonymous_27)
FN:579,(anonymous_28)
FN:611,(anonymous_29)
FN:623,(anonymous_30)
FN:635,(anonymous_31)
FN:647,(anonymous_32)
FN:659,(anonymous_33)
FNF:32
FNH:0
FNDA:0,(anonymous_2)
FNDA:0,(anonymous_3)
FNDA:0,(anonymous_4)
FNDA:0,(anonymous_5)
FNDA:0,(anonymous_6)
FNDA:0,(anonymous_7)
FNDA:0,(anonymous_8)
FNDA:0,(anonymous_9)
FNDA:0,(anonymous_10)
FNDA:0,(anonymous_11)
FNDA:0,(anonymous_12)
FNDA:0,(anonymous_13)
FNDA:0,(anonymous_14)
FNDA:0,(anonymous_15)
FNDA:0,(anonymous_16)
FNDA:0,(anonymous_17)
FNDA:0,(anonymous_18)
FNDA:0,(anonymous_19)
FNDA:0,(anonymous_20)
FNDA:0,(anonymous_21)
FNDA:0,(anonymous_22)
FNDA:0,(anonymous_23)
FNDA:0,(anonymous_24)
FNDA:0,(anonymous_25)
FNDA:0,(anonymous_26)
FNDA:0,(anonymous_27)
FNDA:0,(anonymous_28)
FNDA:0,(anonymous_29)
FNDA:0,(anonymous_30)
FNDA:0,(anonymous_31)
FNDA:0,(anonymous_32)
FNDA:0,(anonymous_33)
DA:1,0
DA:7,0
DA:22,0
DA:23,0
DA:25,0
DA:28,0
DA:32,0
DA:41,0
DA:53,0
DA:59,0
DA:60,0
DA:62,0
DA:64,0
DA:72,0
DA:73,0
DA:81,0
DA:83,0
DA:84,0
DA:88,0
DA:89,0
DA:92,0
DA:102,0
DA:103,0
DA:107,0
DA:109,0
DA:116,0
DA:117,0
DA:122,0
DA:130,0
DA:131,0
DA:135,0
DA:142,0
DA:144,0
DA:145,0
DA:146,0
DA:148,0
DA:157,0
DA:158,0
DA:162,0
DA:164,0
DA:165,0
DA:168,0
DA:169,0
DA:173,0
DA:174,0
DA:177,0
DA:188,0
DA:189,0
DA:193,0
DA:195,0
DA:202,0
DA:203,0
DA:208,0
DA:216,0
DA:217,0
DA:221,0
DA:228,0
DA:230,0
DA:231,0
DA:232,0
DA:234,0
DA:243,0
DA:249,0
DA:257,0
DA:259,0
DA:260,0
DA:263,0
DA:264,0
DA:268,0
DA:269,0
DA:272,0
DA:283,0
DA:284,0
DA:288,0
DA:290,0
DA:297,0
DA:298,0
DA:303,0
DA:311,0
DA:312,0
DA:316,0
DA:323,0
DA:324,0
DA:326,0
DA:334,0
DA:335,0
DA:338,0
DA:346,0
DA:352,0
DA:360,0
DA:362,0
DA:363,0
DA:366,0
DA:367,0
DA:369,0
DA:370,0
DA:379,0
DA:380,0
DA:384,0
DA:394,0
DA:395,0
DA:399,0
DA:401,0
DA:408,0
DA:409,0
DA:414,0
DA:422,0
DA:423,0
DA:427,0
DA:434,0
DA:435,0
DA:437,0
DA:445,0
DA:446,0
DA:449,0
DA:457,0
DA:458,0
DA:462,0
DA:464,0
DA:465,0
DA:468,0
DA:469,0
DA:471,0
DA:472,0
DA:481,0
DA:482,0
DA:486,0
DA:496,0
DA:497,0
DA:501,0
DA:503,0
DA:511,0
DA:512,0
DA:520,0
DA:521,0
DA:528,0
DA:529,0
DA:533,0
DA:534,0
DA:541,0
DA:542,0
DA:552,0
DA:553,0
DA:560,0
DA:561,0
DA:565,0
DA:566,0
DA:573,0
DA:574,0
DA:584,0
DA:585,0
DA:592,0
DA:593,0
DA:597,0
DA:598,0
DA:605,0
DA:606,0
DA:612,0
DA:616,0
DA:617,0
DA:620,0
DA:624,0
DA:628,0
DA:629,0
DA:632,0
DA:636,0
DA:640,0
DA:641,0
DA:644,0
DA:648,0
DA:652,0
DA:653,0
DA:656,0
DA:660,0
DA:664,0
DA:665,0
DA:668,0
LF:177
LH:0
BRDA:68,0,0,0
BRDA:68,0,1,0
BRDA:83,1,0,0
BRDA:83,1,1,0
BRDA:84,2,0,0
BRDA:84,2,1,0
BRDA:88,3,0,0
BRDA:88,3,1,0
BRDA:88,4,0,0
BRDA:88,4,1,0
BRDA:95,5,0,0
BRDA:95,5,1,0
BRDA:96,6,0,0
BRDA:96,6,1,0
BRDA:97,7,0,0
BRDA:97,7,1,0
BRDA:116,8,0,0
BRDA:116,8,1,0
BRDA:136,9,0,0
BRDA:136,9,1,0
BRDA:153,10,0,0
BRDA:153,10,1,0
BRDA:164,11,0,0
BRDA:164,11,1,0
BRDA:168,12,0,0
BRDA:168,12,1,0
BRDA:169,13,0,0
BRDA:169,13,1,0
BRDA:173,14,0,0
BRDA:173,14,1,0
BRDA:173,15,0,0
BRDA:173,15,1,0
BRDA:180,16,0,0
BRDA:180,16,1,0
BRDA:181,17,0,0
BRDA:181,17,1,0
BRDA:182,18,0,0
BRDA:182,18,1,0
BRDA:183,19,0,0
BRDA:183,19,1,0
BRDA:202,20,0,0
BRDA:202,20,1,0
BRDA:222,21,0,0
BRDA:222,21,1,0
BRDA:239,22,0,0
BRDA:239,22,1,0
BRDA:259,23,0,0
BRDA:259,23,1,0
BRDA:263,24,0,0
BRDA:263,24,1,0
BRDA:264,25,0,0
BRDA:264,25,1,0
BRDA:268,26,0,0
BRDA:268,26,1,0
BRDA:268,27,0,0
BRDA:268,27,1,0
BRDA:275,28,0,0
BRDA:275,28,1,0
BRDA:276,29,0,0
BRDA:276,29,1,0
BRDA:277,30,0,0
BRDA:277,30,1,0
BRDA:278,31,0,0
BRDA:278,31,1,0
BRDA:297,32,0,0
BRDA:297,32,1,0
BRDA:317,33,0,0
BRDA:317,33,1,0
BRDA:334,34,0,0
BRDA:334,34,1,0
BRDA:342,35,0,0
BRDA:342,35,1,0
BRDA:362,36,0,0
BRDA:362,36,1,0
BRDA:366,37,0,0
BRDA:366,37,1,0
BRDA:367,38,0,0
BRDA:367,38,1,0
BRDA:369,39,0,0
BRDA:369,39,1,0
BRDA:379,40,0,0
BRDA:379,40,1,0
BRDA:387,41,0,0
BRDA:387,41,1,0
BRDA:388,42,0,0
BRDA:388,42,1,0
BRDA:389,43,0,0
BRDA:389,43,1,0
BRDA:408,44,0,0
BRDA:408,44,1,0
BRDA:428,45,0,0
BRDA:428,45,1,0
BRDA:445,46,0,0
BRDA:445,46,1,0
BRDA:453,47,0,0
BRDA:453,47,1,0
BRDA:464,48,0,0
BRDA:464,48,1,0
BRDA:468,49,0,0
BRDA:468,49,1,0
BRDA:469,50,0,0
BRDA:469,50,1,0
BRDA:471,51,0,0
BRDA:471,51,1,0
BRDA:481,52,0,0
BRDA:481,52,1,0
BRDA:489,53,0,0
BRDA:489,53,1,0
BRDA:490,54,0,0
BRDA:490,54,1,0
BRDA:491,55,0,0
BRDA:491,55,1,0
BRDA:520,56,0,0
BRDA:520,56,1,0
BRDA:524,57,0,0
BRDA:524,57,1,0
BRDA:528,58,0,0
BRDA:528,58,1,0
BRDA:533,59,0,0
BRDA:533,59,1,0
BRDA:537,60,0,0
BRDA:537,60,1,0
BRDA:541,61,0,0
BRDA:541,61,1,0
BRDA:552,62,0,0
BRDA:552,62,1,0
BRDA:556,63,0,0
BRDA:556,63,1,0
BRDA:560,64,0,0
BRDA:560,64,1,0
BRDA:565,65,0,0
BRDA:565,65,1,0
BRDA:569,66,0,0
BRDA:569,66,1,0
BRDA:573,67,0,0
BRDA:573,67,1,0
BRDA:584,68,0,0
BRDA:584,68,1,0
BRDA:588,69,0,0
BRDA:588,69,1,0
BRDA:592,70,0,0
BRDA:592,70,1,0
BRDA:597,71,0,0
BRDA:597,71,1,0
BRDA:601,72,0,0
BRDA:601,72,1,0
BRDA:605,73,0,0
BRDA:605,73,1,0
BRDA:616,74,0,0
BRDA:616,74,1,0
BRDA:628,75,0,0
BRDA:628,75,1,0
BRDA:640,76,0,0
BRDA:640,76,1,0
BRDA:652,77,0,0
BRDA:652,77,1,0
BRDA:664,78,0,0
BRDA:664,78,1,0
BRDA:25,79,0,0
BRDA:25,79,1,0
BRDA:25,80,0,0
BRDA:25,80,1,0
BRF:162
BRH:0
end_of_record
TN:
SF:src/admin/admin-reference.controller.ts
FN:41,(anonymous_4)
FN:43,(anonymous_5)
FN:50,(anonymous_6)
FN:58,(anonymous_7)
FN:72,(anonymous_8)
FN:88,(anonymous_9)
FN:102,(anonymous_10)
FN:110,(anonymous_11)
FN:124,(anonymous_12)
FN:140,(anonymous_13)
FN:154,(anonymous_14)
FN:162,(anonymous_15)
FN:176,(anonymous_16)
FN:192,(anonymous_17)
FN:206,(anonymous_18)
FN:214,(anonymous_19)
FN:222,(anonymous_20)
FN:236,(anonymous_21)
FN:244,(anonymous_22)
FN:260,(anonymous_23)
FN:274,(anonymous_24)
FN:282,(anonymous_25)
FN:296,(anonymous_26)
FN:312,(anonymous_27)
FN:326,(anonymous_28)
FN:334,(anonymous_29)
FN:348,(anonymous_30)
FN:364,(anonymous_31)
FNF:28
FNH:0
FNDA:0,(anonymous_4)
FNDA:0,(anonymous_5)
FNDA:0,(anonymous_6)
FNDA:0,(anonymous_7)
FNDA:0,(anonymous_8)
FNDA:0,(anonymous_9)
FNDA:0,(anonymous_10)
FNDA:0,(anonymous_11)
FNDA:0,(anonymous_12)
FNDA:0,(anonymous_13)
FNDA:0,(anonymous_14)
FNDA:0,(anonymous_15)
FNDA:0,(anonymous_16)
FNDA:0,(anonymous_17)
FNDA:0,(anonymous_18)
FNDA:0,(anonymous_19)
FNDA:0,(anonymous_20)
FNDA:0,(anonymous_21)
FNDA:0,(anonymous_22)
FNDA:0,(anonymous_23)
FNDA:0,(anonymous_24)
FNDA:0,(anonymous_25)
FNDA:0,(anonymous_26)
FNDA:0,(anonymous_27)
FNDA:0,(anonymous_28)
FNDA:0,(anonymous_29)
FNDA:0,(anonymous_30)
FNDA:0,(anonymous_31)
DA:1,0
DA:16,0
DA:17,0
DA:18,0
DA:19,0
DA:20,0
DA:40,0
DA:41,0
DA:44,0
DA:50,0
DA:51,0
DA:52,0
DA:58,0
DA:62,0
DA:66,0
DA:72,0
DA:77,0
DA:82,0
DA:88,0
DA:92,0
DA:96,0
DA:102,0
DA:103,0
DA:104,0
DA:110,0
DA:114,0
DA:118,0
DA:124,0
DA:129,0
DA:134,0
DA:140,0
DA:144,0
DA:148,0
DA:154,0
DA:155,0
DA:156,0
DA:162,0
DA:166,0
DA:170,0
DA:176,0
DA:181,0
DA:186,0
DA:192,0
DA:196,0
DA:200,0
DA:206,0
DA:207,0
DA:208,0
DA:214,0
DA:215,0
DA:216,0
DA:222,0
DA:226,0
DA:230,0
DA:236,0
DA:237,0
DA:238,0
DA:244,0
DA:249,0
DA:254,0
DA:260,0
DA:264,0
DA:268,0
DA:274,0
DA:275,0
DA:276,0
DA:282,0
DA:286,0
DA:290,0
DA:296,0
DA:301,0
DA:306,0
DA:312,0
DA:316,0
DA:320,0
DA:326,0
DA:327,0
DA:328,0
DA:334,0
DA:338,0
DA:342,0
DA:348,0
DA:353,0
DA:358,0
DA:364,0
DA:368,0
DA:372,0
LF:87
LH:0
BRDA:59,0,0,0
BRDA:59,0,1,0
BRDA:59,1,0,0
BRDA:59,1,1,0
BRDA:74,2,0,0
BRDA:74,2,1,0
BRDA:74,3,0,0
BRDA:74,3,1,0
BRDA:111,4,0,0
BRDA:111,4,1,0
BRDA:111,5,0,0
BRDA:111,5,1,0
BRDA:126,6,0,0
BRDA:126,6,1,0
BRDA:126,7,0,0
BRDA:126,7,1,0
BRDA:163,8,0,0
BRDA:163,8,1,0
BRDA:163,9,0,0
BRDA:163,9,1,0
BRDA:178,10,0,0
BRDA:178,10,1,0
BRDA:178,11,0,0
BRDA:178,11,1,0
BRDA:214,12,0,0
BRDA:214,12,1,0
BRDA:214,13,0,0
BRDA:214,13,1,0
BRDA:223,14,0,0
BRDA:223,14,1,0
BRDA:223,15,0,0
BRDA:223,15,1,0
BRDA:246,16,0,0
BRDA:246,16,1,0
BRDA:246,17,0,0
BRDA:246,17,1,0
BRDA:283,18,0,0
BRDA:283,18,1,0
BRDA:283,19,0,0
BRDA:283,19,1,0
BRDA:298,20,0,0
BRDA:298,20,1,0
BRDA:298,21,0,0
BRDA:298,21,1,0
BRDA:335,22,0,0
BRDA:335,22,1,0
BRDA:335,23,0,0
BRDA:335,23,1,0
BRDA:350,24,0,0
BRDA:350,24,1,0
BRDA:350,25,0,0
BRDA:350,25,1,0
BRDA:41,26,0,0
BRDA:41,26,1,0
BRDA:41,27,0,0
BRDA:41,27,1,0
BRF:56
BRH:0
end_of_record
TN:
SF:src/admin/admin-reference.service.ts
FN:34,(anonymous_2)
FN:36,(anonymous_3)
FN:40,(anonymous_4)
FN:57,(anonymous_5)
FN:63,(anonymous_6)
FN:87,(anonymous_7)
FN:120,(anonymous_8)
FN:150,(anonymous_9)
FN:156,(anonymous_10)
FN:172,(anonymous_11)
FN:200,(anonymous_12)
FN:228,(anonymous_13)
FN:234,(anonymous_14)
FN:250,(anonymous_15)
FN:278,(anonymous_16)
FN:306,(anonymous_17)
FN:312,(anonymous_18)
FN:328,(anonymous_19)
FN:356,(anonymous_20)
FN:384,(anonymous_21)
FN:390,(anonymous_22)
FN:396,(anonymous_23)
FN:410,(anonymous_24)
FN:425,(anonymous_25)
FN:438,(anonymous_26)
FN:461,(anonymous_27)
FN:489,(anonymous_28)
FN:525,(anonymous_29)
FN:536,(anonymous_30)
FN:566,(anonymous_31)
FN:600,(anonymous_32)
FN:633,(anonymous_33)
FN:643,(anonymous_34)
FN:657,(anonymous_35)
FN:675,(anonymous_36)
FN:687,(anonymous_37)
FN:700,(anonymous_38)
FN:712,(anonymous_39)
FN:725,(anonymous_40)
FN:737,(anonymous_41)
FN:750,(anonymous_42)
FN:762,(anonymous_43)
FN:776,(anonymous_44)
FNF:43
FNH:0
FNDA:0,(anonymous_2)
FNDA:0,(anonymous_3)
FNDA:0,(anonymous_4)
FNDA:0,(anonymous_5)
FNDA:0,(anonymous_6)
FNDA:0,(anonymous_7)
FNDA:0,(anonymous_8)
FNDA:0,(anonymous_9)
FNDA:0,(anonymous_10)
FNDA:0,(anonymous_11)
FNDA:0,(anonymous_12)
FNDA:0,(anonymous_13)
FNDA:0,(anonymous_14)
FNDA:0,(anonymous_15)
FNDA:0,(anonymous_16)
FNDA:0,(anonymous_17)
FNDA:0,(anonymous_18)
FNDA:0,(anonymous_19)
FNDA:0,(anonymous_20)
FNDA:0,(anonymous_21)
FNDA:0,(anonymous_22)
FNDA:0,(anonymous_23)
FNDA:0,(anonymous_24)
FNDA:0,(anonymous_25)
FNDA:0,(anonymous_26)
FNDA:0,(anonymous_27)
FNDA:0,(anonymous_28)
FNDA:0,(anonymous_29)
FNDA:0,(anonymous_30)
FNDA:0,(anonymous_31)
FNDA:0,(anonymous_32)
FNDA:0,(anonymous_33)
FNDA:0,(anonymous_34)
FNDA:0,(anonymous_35)
FNDA:0,(anonymous_36)
FNDA:0,(anonymous_37)
FNDA:0,(anonymous_38)
FNDA:0,(anonymous_39)
FNDA:0,(anonymous_40)
FNDA:0,(anonymous_41)
FNDA:0,(anonymous_42)
FNDA:0,(anonymous_43)
FNDA:0,(anonymous_44)
DA:1,0
DA:9,0
DA:10,0
DA:31,0
DA:32,0
DA:34,0
DA:37,0
DA:46,0
DA:58,0
DA:67,0
DA:68,0
DA:70,0
DA:78,0
DA:84,0
DA:92,0
DA:93,0
DA:95,0
DA:96,0
DA:99,0
DA:111,0
DA:117,0
DA:121,0
DA:123,0
DA:127,0
DA:128,0
DA:133,0
DA:141,0
DA:147,0
DA:151,0
DA:157,0
DA:158,0
DA:160,0
DA:168,0
DA:169,0
DA:177,0
DA:179,0
DA:180,0
DA:181,0
DA:184,0
DA:196,0
DA:197,0
DA:201,0
DA:203,0
DA:210,0
DA:211,0
DA:216,0
DA:224,0
DA:225,0
DA:229,0
DA:235,0
DA:236,0
DA:238,0
DA:246,0
DA:247,0
DA:255,0
DA:257,0
DA:258,0
DA:259,0
DA:262,0
DA:274,0
DA:275,0
DA:279,0
DA:281,0
DA:288,0
DA:289,0
DA:294,0
DA:302,0
DA:303,0
DA:307,0
DA:313,0
DA:314,0
DA:316,0
DA:324,0
DA:325,0
DA:333,0
DA:335,0
DA:336,0
DA:337,0
DA:340,0
DA:352,0
DA:353,0
DA:357,0
DA:359,0
DA:366,0
DA:367,0
DA:372,0
DA:380,0
DA:381,0
DA:385,0
DA:391,0
DA:400,0
DA:401,0
DA:402,0
DA:404,0
DA:410,0
DA:411,0
DA:412,0
DA:418,0
DA:421,0
DA:422,0
DA:430,0
DA:432,0
DA:435,0
DA:436,0
DA:438,0
DA:439,0
DA:440,0
DA:446,0
DA:457,0
DA:458,0
DA:462,0
DA:464,0
DA:471,0
DA:472,0
DA:477,0
DA:485,0
DA:486,0
DA:490,0
DA:491,0
DA:492,0
DA:493,0
DA:502,0
DA:517,0
DA:526,0
DA:540,0
DA:541,0
DA:543,0
DA:557,0
DA:563,0
DA:571,0
DA:573,0
DA:574,0
DA:575,0
DA:578,0
DA:596,0
DA:597,0
DA:601,0
DA:603,0
DA:610,0
DA:611,0
DA:616,0
DA:629,0
DA:630,0
DA:634,0
DA:635,0
DA:638,0
DA:639,0
DA:644,0
DA:648,0
DA:649,0
DA:654,0
DA:661,0
DA:670,0
DA:671,0
DA:676,0
DA:680,0
DA:681,0
DA:684,0
DA:688,0
DA:695,0
DA:696,0
DA:701,0
DA:705,0
DA:706,0
DA:709,0
DA:713,0
DA:720,0
DA:721,0
DA:726,0
DA:730,0
DA:731,0
DA:734,0
DA:738,0
DA:745,0
DA:746,0
DA:751,0
DA:755,0
DA:756,0
DA:759,0
DA:763,0
DA:767,0
DA:768,0
DA:773,0
DA:780,0
DA:787,0
DA:788,0
LF:186
LH:0
BRDA:74,0,0,0
BRDA:74,0,1,0
BRDA:93,1,0,0
BRDA:93,1,1,0
BRDA:95,2,0,0
BRDA:95,2,1,0
BRDA:102,3,0,0
BRDA:102,3,1,0
BRDA:103,4,0,0
BRDA:103,4,1,0
BRDA:106,5,0,0
BRDA:106,5,1,0
BRDA:127,6,0,0
BRDA:127,6,1,0
BRDA:164,7,0,0
BRDA:164,7,1,0
BRDA:179,8,0,0
BRDA:179,8,1,0
BRDA:180,9,0,0
BRDA:180,9,1,0
BRDA:187,10,0,0
BRDA:187,10,1,0
BRDA:188,11,0,0
BRDA:188,11,1,0
BRDA:191,12,0,0
BRDA:191,12,1,0
BRDA:210,13,0,0
BRDA:210,13,1,0
BRDA:242,14,0,0
BRDA:242,14,1,0
BRDA:257,15,0,0
BRDA:257,15,1,0
BRDA:258,16,0,0
BRDA:258,16,1,0
BRDA:265,17,0,0
BRDA:265,17,1,0
BRDA:266,18,0,0
BRDA:266,18,1,0
BRDA:269,19,0,0
BRDA:269,19,1,0
BRDA:288,20,0,0
BRDA:288,20,1,0
BRDA:320,21,0,0
BRDA:320,21,1,0
BRDA:335,22,0,0
BRDA:335,22,1,0
BRDA:336,23,0,0
BRDA:336,23,1,0
BRDA:343,24,0,0
BRDA:343,24,1,0
BRDA:344,25,0,0
BRDA:344,25,1,0
BRDA:347,26,0,0
BRDA:347,26,1,0
BRDA:366,27,0,0
BRDA:366,27,1,0
BRDA:407,28,0,0
BRDA:407,28,1,0
BRDA:411,29,0,0
BRDA:411,29,1,0
BRDA:432,30,0,0
BRDA:432,30,1,0
BRDA:435,31,0,0
BRDA:435,31,1,0
BRDA:439,32,0,0
BRDA:439,32,1,0
BRDA:449,33,0,0
BRDA:449,33,1,0
BRDA:450,34,0,0
BRDA:450,34,1,0
BRDA:451,35,0,0
BRDA:451,35,1,0
BRDA:471,36,0,0
BRDA:471,36,1,0
BRDA:489,37,0,0
BRDA:490,38,0,0
BRDA:490,38,1,0
BRDA:491,39,0,0
BRDA:491,39,1,0
BRDA:493,40,0,0
BRDA:493,40,1,0
BRDA:547,41,0,0
BRDA:547,41,1,0
BRDA:548,42,0,0
BRDA:548,42,1,0
BRDA:573,43,0,0
BRDA:573,43,1,0
BRDA:574,44,0,0
BRDA:574,44,1,0
BRDA:581,45,0,0
BRDA:581,45,1,0
BRDA:582,46,0,0
BRDA:582,46,1,0
BRDA:585,47,0,0
BRDA:585,47,1,0
BRDA:586,48,0,0
BRDA:586,48,1,0
BRDA:610,49,0,0
BRDA:610,49,1,0
BRDA:634,50,0,0
BRDA:634,50,1,0
BRDA:634,51,0,0
BRDA:634,51,1,0
BRDA:638,52,0,0
BRDA:638,52,1,0
BRDA:648,53,0,0
BRDA:648,53,1,0
BRDA:664,54,0,0
BRDA:664,54,1,0
BRDA:670,55,0,0
BRDA:670,55,1,0
BRDA:680,56,0,0
BRDA:680,56,1,0
BRDA:691,57,0,0
BRDA:691,57,1,0
BRDA:695,58,0,0
BRDA:695,58,1,0
BRDA:705,59,0,0
BRDA:705,59,1,0
BRDA:716,60,0,0
BRDA:716,60,1,0
BRDA:720,61,0,0
BRDA:720,61,1,0
BRDA:730,62,0,0
BRDA:730,62,1,0
BRDA:741,63,0,0
BRDA:741,63,1,0
BRDA:745,64,0,0
BRDA:745,64,1,0
BRDA:755,65,0,0
BRDA:755,65,1,0
BRDA:767,66,0,0
BRDA:767,66,1,0
BRDA:783,67,0,0
BRDA:783,67,1,0
BRDA:787,68,0,0
BRDA:787,68,1,0
BRDA:34,69,0,0
BRDA:34,69,1,0
BRDA:34,70,0,0
BRDA:34,70,1,0
BRF:141
BRH:0
end_of_record
TN:
SF:src/admin/admin-users.controller.ts
FN:38,(anonymous_4)
FN:40,(anonymous_5)
FN:59,(anonymous_6)
FN:111,(anonymous_7)
FN:128,(anonymous_8)
FN:139,(anonymous_9)
FNF:6
FNH:0
FNDA:0,(anonymous_4)
FNDA:0,(anonymous_5)
FNDA:0,(anonymous_6)
FNDA:0,(anonymous_7)
FNDA:0,(anonymous_8)
FNDA:0,(anonymous_9)
DA:1,0
DA:12,0
DA:21,0
DA:22,0
DA:23,0
DA:30,0
DA:37,0
DA:38,0
DA:43,0
DA:59,0
DA:66,0
DA:70,0
DA:111,0
DA:118,0
DA:122,0
DA:128,0
DA:132,0
DA:133,0
DA:139,0
DA:143,0
DA:144,0
LF:21
LH:0
BRDA:61,0,0,0
BRDA:61,0,1,0
BRDA:61,1,0,0
BRDA:61,1,1,0
BRDA:62,2,0,0
BRDA:62,2,1,0
BRDA:62,3,0,0
BRDA:62,3,1,0
BRDA:114,4,0,0
BRDA:114,4,1,0
BRDA:114,5,0,0
BRDA:114,5,1,0
BRDA:130,6,0,0
BRDA:130,6,1,0
BRDA:130,7,0,0
BRDA:130,7,1,0
BRDA:141,8,0,0
BRDA:141,8,1,0
BRDA:141,9,0,0
BRDA:141,9,1,0
BRDA:38,10,0,0
BRDA:38,10,1,0
BRDA:38,11,0,0
BRDA:38,11,1,0
BRF:24
BRH:0
end_of_record
TN:
SF:src/admin/admin-users.service.ts
FN:395,(anonymous_4)
FN:402,(anonymous_5)
FN:425,(anonymous_6)
FN:437,(anonymous_7)
FN:514,(anonymous_8)
FN:530,(anonymous_9)
FN:543,(anonymous_10)
FN:550,(anonymous_11)
FN:564,(anonymous_12)
FN:569,(anonymous_13)
FN:574,(anonymous_14)
FN:608,(anonymous_15)
FN:620,(anonymous_16)
FN:624,(anonymous_17)
FN:625,(anonymous_18)
FN:629,(anonymous_19)
FN:633,(anonymous_20)
FN:640,(anonymous_21)
FN:658,(anonymous_22)
FN:734,(anonymous_23)
FN:799,(anonymous_24)
FN:811,(anonymous_25)
FN:820,(anonymous_26)
FN:823,(anonymous_27)
FN:826,(anonymous_28)
FN:829,(anonymous_29)
FN:880,(anonymous_30)
FN:902,(anonymous_31)
FNF:28
FNH:0
FNDA:0,(anonymous_4)
FNDA:0,(anonymous_5)
FNDA:0,(anonymous_6)
FNDA:0,(anonymous_7)
FNDA:0,(anonymous_8)
FNDA:0,(anonymous_9)
FNDA:0,(anonymous_10)
FNDA:0,(anonymous_11)
FNDA:0,(anonymous_12)
FNDA:0,(anonymous_13)
FNDA:0,(anonymous_14)
FNDA:0,(anonymous_15)
FNDA:0,(anonymous_16)
FNDA:0,(anonymous_17)
FNDA:0,(anonymous_18)
FNDA:0,(anonymous_19)
FNDA:0,(anonymous_20)
FNDA:0,(anonymous_21)
FNDA:0,(anonymous_22)
FNDA:0,(anonymous_23)
FNDA:0,(anonymous_24)
FNDA:0,(anonymous_25)
FNDA:0,(anonymous_26)
FNDA:0,(anonymous_27)
FNDA:0,(anonymous_28)
FNDA:0,(anonymous_29)
FNDA:0,(anonymous_30)
FNDA:0,(anonymous_31)
DA:1,0
DA:8,0
DA:9,0
DA:13,0
DA:17,0
DA:21,0
DA:26,0
DA:32,0
DA:67,0
DA:126,0
DA:286,0
DA:391,0
DA:392,0
DA:393,0
DA:396,0
DA:397,0
DA:399,0
DA:406,0
DA:408,0
DA:409,0
DA:410,0
DA:412,0
DA:414,0
DA:425,0
DA:426,0
DA:428,0
DA:441,0
DA:443,0
DA:444,0
DA:448,0
DA:449,0
DA:450,0
DA:451,0
DA:454,0
DA:459,0
DA:460,0
DA:464,0
DA:467,0
DA:479,0
DA:485,0
DA:486,0
DA:495,0
DA:496,0
DA:501,0
DA:514,0
DA:531,0
DA:544,0
DA:551,0
DA:561,0
DA:567,0
DA:569,0
DA:583,0
DA:612,0
DA:614,0
DA:621,0
DA:624,0
DA:625,0
DA:629,0
DA:633,0
DA:643,0
DA:645,0
DA:646,0
DA:649,0
DA:659,0
DA:684,0
DA:685,0
DA:688,0
DA:690,0
DA:691,0
DA:695,0
DA:697,0
DA:698,0
DA:699,0
DA:702,0
DA:703,0
DA:710,0
DA:715,0
DA:716,0
DA:717,0
DA:724,0
DA:729,0
DA:738,0
DA:739,0
DA:741,0
DA:742,0
DA:745,0
DA:746,0
DA:749,0
DA:750,0
DA:751,0
DA:761,0
DA:762,0
DA:763,0
DA:780,0
DA:781,0
DA:784,0
DA:785,0
DA:788,0
DA:789,0
DA:792,0
DA:793,0
DA:796,0
DA:800,0
DA:801,0
DA:804,0
DA:805,0
DA:808,0
DA:812,0
DA:823,0
DA:829,0
DA:830,0
DA:832,0
DA:841,0
DA:883,0
DA:885,0
DA:886,0
DA:894,0
DA:898,0
DA:905,0
DA:906,0
DA:907,0
DA:908,0
DA:909,0
DA:910,0
DA:911,0
DA:914,0
DA:921,0
LF:127
LH:0
BRDA:409,0,0,0
BRDA:409,0,1,0
BRDA:410,1,0,0
BRDA:410,1,1,0
BRDA:450,2,0,0
BRDA:450,2,1,0
BRDA:459,3,0,0
BRDA:459,3,1,0
BRDA:467,4,0,0
BRDA:467,4,1,0
BRDA:485,5,0,0
BRDA:485,5,1,0
BRDA:505,6,0,0
BRDA:505,6,1,0
BRDA:534,7,0,0
BRDA:534,7,1,0
BRDA:537,8,0,0
BRDA:537,8,1,0
BRDA:537,9,0,0
BRDA:537,9,1,0
BRDA:561,10,0,0
BRDA:561,10,1,0
BRDA:584,11,0,0
BRDA:584,11,1,0
BRDA:587,12,0,0
BRDA:587,12,1,0
BRDA:593,13,0,0
BRDA:593,13,1,0
BRDA:599,14,0,0
BRDA:599,14,1,0
BRDA:615,15,0,0
BRDA:615,15,1,0
BRDA:623,16,0,0
BRDA:623,16,1,0
BRDA:627,17,0,0
BRDA:627,17,1,0
BRDA:629,18,0,0
BRDA:629,18,1,0
BRDA:631,19,0,0
BRDA:631,19,1,0
BRDA:633,20,0,0
BRDA:633,20,1,0
BRDA:635,21,0,0
BRDA:635,21,1,0
BRDA:643,22,0,0
BRDA:643,22,1,0
BRDA:645,23,0,0
BRDA:645,23,1,0
BRDA:654,24,0,0
BRDA:654,24,1,0
BRDA:684,25,0,0
BRDA:684,25,1,0
BRDA:690,26,0,0
BRDA:690,26,1,0
BRDA:695,27,0,0
BRDA:695,27,1,0
BRDA:697,28,0,0
BRDA:697,28,1,0
BRDA:698,29,0,0
BRDA:698,29,1,0
BRDA:702,30,0,0
BRDA:702,30,1,0
BRDA:715,31,0,0
BRDA:715,31,1,0
BRDA:716,32,0,0
BRDA:716,32,1,0
BRDA:741,33,0,0
BRDA:741,33,1,0
BRDA:745,34,0,0
BRDA:745,34,1,0
BRDA:750,35,0,0
BRDA:750,35,1,0
BRDA:762,36,0,0
BRDA:762,36,1,0
BRDA:780,37,0,0
BRDA:780,37,1,0
BRDA:784,38,0,0
BRDA:784,38,1,0
BRDA:788,39,0,0
BRDA:788,39,1,0
BRDA:792,40,0,0
BRDA:792,40,1,0
BRDA:800,41,0,0
BRDA:800,41,1,0
BRDA:804,42,0,0
BRDA:804,42,1,0
BRDA:815,43,0,0
BRDA:815,43,1,0
BRDA:816,44,0,0
BRDA:816,44,1,0
BRDA:832,45,0,0
BRDA:832,45,1,0
BRDA:853,46,0,0
BRDA:853,46,1,0
BRDA:854,47,0,0
BRDA:854,47,1,0
BRDA:855,48,0,0
BRDA:855,48,1,0
BRDA:861,49,0,0
BRDA:861,49,1,0
BRDA:867,50,0,0
BRDA:867,50,1,0
BRDA:883,51,0,0
BRDA:883,51,1,0
BRDA:905,52,0,0
BRDA:905,52,1,0
BRDA:906,53,0,0
BRDA:906,53,1,0
BRDA:908,54,0,0
BRDA:908,54,1,0
BRDA:908,55,0,0
BRDA:908,55,1,0
BRDA:910,56,0,0
BRDA:910,56,1,0
BRDA:910,57,0,0
BRDA:910,57,1,0
BRDA:910,57,2,0
BRDA:396,58,0,0
BRDA:396,58,1,0
BRDA:396,59,0,0
BRDA:396,59,1,0
BRDA:396,60,0,0
BRDA:396,60,1,0
BRDA:396,61,0,0
BRDA:396,61,1,0
BRF:125
BRH:0
end_of_record
TN:
SF:src/admin/admin.module.ts
FNF:0
FNH:0
DA:1,0
DA:2,0
DA:3,0
DA:4,0
DA:5,0
DA:6,0
DA:7,0
DA:8,0
DA:19,0
LF:9
LH:0
BRF:0
BRH:0
end_of_record
TN:
SF:src/admin/dto/geography.dto.ts
FNF:0
FNH:0
DA:1,0
DA:2,0
DA:12,0
DA:17,0
DA:23,0
DA:28,0
DA:31,0
DA:37,0
DA:44,0
DA:49,0
DA:52,0
DA:57,0
DA:63,0
DA:68,0
DA:73,0
DA:76,0
DA:82,0
DA:89,0
DA:95,0
DA:100,0
DA:103,0
DA:108,0
DA:114,0
DA:119,0
DA:124,0
DA:127,0
DA:133,0
DA:140,0
DA:146,0
DA:151,0
DA:154,0
DA:159,0
DA:164,0
DA:169,0
DA:172,0
DA:178,0
DA:184,0
DA:189,0
DA:192,0
DA:197,0
DA:202,0
DA:207,0
DA:210,0
DA:216,0
DA:222,0
DA:227,0
LF:46
LH:0
BRF:0
BRH:0
end_of_record
TN:
SF:src/admin/dto/honor-categories.dto.ts
FNF:0
FNH:0
DA:1,0
DA:6,0
DA:15,0
DA:17,0
DA:22,0
DA:25,0
DA:30,0
DA:35,0
DA:40,0
DA:50,0
DA:53,0
LF:11
LH:0
BRF:0
BRH:0
end_of_record
TN:
SF:src/admin/dto/index.ts
FNF:0
FNH:0
DA:1,0
DA:2,0
DA:3,0
DA:4,0
LF:4
LH:0
BRF:0
BRH:0
end_of_record
TN:
SF:src/admin/dto/reference.dto.ts
FNF:0
FNH:0
DA:1,0
DA:2,0
DA:11,0
DA:16,0
DA:21,0
DA:26,0
DA:29,0
DA:35,0
DA:40,0
DA:45,0
DA:48,0
DA:53,0
DA:58,0
DA:63,0
DA:66,0
DA:72,0
DA:77,0
DA:82,0
DA:85,0
DA:90,0
DA:95,0
DA:100,0
DA:103,0
DA:109,0
DA:114,0
DA:119,0
DA:122,0
DA:127,0
DA:132,0
DA:137,0
DA:140,0
DA:146,0
DA:151,0
DA:156,0
DA:159,0
DA:162,0
DA:166,0
DA:171,0
DA:174,0
DA:178,0
DA:183,0
DA:188,0
LF:42
LH:0
BRF:0
BRH:0
end_of_record
TN:
SF:src/admin/dto/users.dto.ts
FN:16,toBoolean
FN:46,(anonymous_3)
FN:55,(anonymous_4)
FN:66,(anonymous_5)
FN:77,(anonymous_6)
FN:89,(anonymous_7)
FNF:6
FNH:0
FNDA:0,toBoolean
FNDA:0,(anonymous_3)
FNDA:0,(anonymous_4)
FNDA:0,(anonymous_5)
FNDA:0,(anonymous_6)
FNDA:0,(anonymous_7)
DA:1,0
DA:2,0
DA:3,0
DA:4,0
DA:14,0
DA:17,0
DA:18,0
DA:19,0
DA:22,0
DA:30,0
DA:39,0
DA:46,0
DA:48,0
DA:55,0
DA:58,0
DA:66,0
DA:69,0
DA:77,0
DA:80,0
DA:89,0
DA:93,0
DA:96,0
DA:98,0
DA:101,0
DA:107,0
DA:110,0
DA:116,0
DA:119,0
DA:125,0
DA:132,0
DA:135,0
DA:137,0
DA:140,0
DA:143,0
DA:146,0
DA:149,0
DA:152,0
DA:155,0
DA:158,0
DA:161,0
DA:164,0
DA:167,0
DA:170,0
DA:173,0
DA:176,0
DA:179,0
DA:182,0
DA:185,0
DA:191,0
DA:200,0
DA:203,0
DA:207,0
DA:212,0
DA:217,0
DA:225,0
DA:234,0
LF:56
LH:0
BRDA:17,0,0,0
BRDA:17,0,1,0
BRDA:18,1,0,0
BRDA:18,1,1,0
BRDA:149,2,0,0
BRDA:149,2,1,0
BRDA:149,3,0,0
BRDA:149,3,1,0
BRDA:225,4,0,0
BRDA:225,4,1,0
BRDA:225,5,0,0
BRDA:225,5,1,0
BRF:12
BRH:0
end_of_record
TN:
SF:src/admin/mappers/formative-read-model.mapper.ts
FN:77,mapTrajectoryClasses
FN:81,(anonymous_1)
FN:96,mapCurrentOperationalEnrollment
FN:130,buildFormativeReadModel
FN:147,(anonymous_4)
FNF:5
FNH:0
FNDA:0,mapTrajectoryClasses
FNDA:0,(anonymous_1)
FNDA:0,mapCurrentOperationalEnrollment
FNDA:0,buildFormativeReadModel
FNDA:0,(anonymous_4)
DA:81,0
DA:100,0
DA:101,0
DA:104,0
DA:105,0
DA:108,0
DA:110,0
DA:130,0
DA:133,0
DA:138,0
DA:147,0
LF:11
LH:0
BRDA:84,0,0,0
BRDA:84,0,1,0
BRDA:86,1,0,0
BRDA:86,1,1,0
BRDA:88,2,0,0
BRDA:88,2,1,0
BRDA:88,2,2,0
BRDA:91,3,0,0
BRDA:91,3,1,0
BRDA:100,4,0,0
BRDA:100,4,1,0
BRDA:104,5,0,0
BRDA:104,5,1,0
BRDA:114,6,0,0
BRDA:114,6,1,0
BRDA:146,7,0,0
BRDA:146,7,1,0
BRDA:146,8,0,0
BRDA:146,8,1,0
BRF:19
BRH:0
end_of_record
TN:
SF:src/auth/auth.controller.ts
FN:33,(anonymous_4)
FN:45,(anonymous_5)
FN:82,(anonymous_6)
FN:121,(anonymous_7)
FN:149,(anonymous_8)
FN:168,(anonymous_9)
FN:180,(anonymous_10)
FN:239,(anonymous_11)
FN:257,(anonymous_12)
FN:272,(anonymous_13)
FN:276,(anonymous_14)
FNF:11
FNH:0
FNDA:0,(anonymous_4)
FNDA:0,(anonymous_5)
FNDA:0,(anonymous_6)
FNDA:0,(anonymous_7)
FNDA:0,(anonymous_8)
FNDA:0,(anonymous_9)
FNDA:0,(anonymous_10)
FNDA:0,(anonymous_11)
FNDA:0,(anonymous_12)
FNDA:0,(anonymous_13)
FNDA:0,(anonymous_14)
DA:1,0
DA:12,0
DA:19,0
DA:20,0
DA:21,0
DA:22,0
DA:23,0
DA:24,0
DA:25,0
DA:26,0
DA:27,0
DA:28,0
DA:32,0
DA:33,0
DA:45,0
DA:46,0
DA:82,0
DA:83,0
DA:121,0
DA:125,0
DA:149,0
DA:154,0
DA:168,0
DA:169,0
DA:180,0
DA:184,0
DA:185,0
DA:239,0
DA:240,0
DA:257,0
DA:261,0
DA:272,0
DA:273,0
DA:277,0
DA:278,0
DA:281,0
LF:36
LH:0
BRDA:151,0,0,0
BRDA:277,1,0,0
BRDA:277,1,1,0
BRDA:277,2,0,0
BRDA:277,2,1,0
BRDA:45,3,0,0
BRDA:45,3,1,0
BRDA:45,4,0,0
BRDA:45,4,1,0
BRDA:82,5,0,0
BRDA:82,5,1,0
BRDA:82,6,0,0
BRDA:82,6,1,0
BRDA:122,7,0,0
BRDA:122,7,1,0
BRDA:122,8,0,0
BRDA:122,8,1,0
BRDA:151,9,0,0
BRDA:151,9,1,0
BRDA:151,10,0,0
BRDA:151,10,1,0
BRDA:168,11,0,0
BRDA:168,11,1,0
BRDA:168,12,0,0
BRDA:168,12,1,0
BRDA:182,13,0,0
BRDA:182,13,1,0
BRDA:182,14,0,0
BRDA:182,14,1,0
BRDA:259,15,0,0
BRDA:259,15,1,0
BRDA:259,16,0,0
BRDA:259,16,1,0
BRDA:33,17,0,0
BRDA:33,17,1,0
BRDA:33,18,0,0
BRDA:33,18,1,0
BRF:37
BRH:0
end_of_record
TN:
SF:src/auth/auth.module.ts
FN:24,(anonymous_1)
FNF:1
FNH:0
FNDA:0,(anonymous_1)
DA:1,0
DA:2,0
DA:3,0
DA:4,0
DA:5,0
DA:6,0
DA:7,0
DA:8,0
DA:9,0
DA:10,0
DA:11,0
DA:12,0
DA:13,0
DA:14,0
DA:24,0
DA:58,0
LF:16
LH:0
BRDA:25,0,0,0
BRDA:25,0,1,0
BRF:2
BRH:0
end_of_record
TN:
SF:src/auth/auth.service.ts
FN:45,(anonymous_4)
FN:53,(anonymous_5)
FN:66,(anonymous_6)
FN:107,(anonymous_7)
FN:122,(anonymous_8)
FN:188,(anonymous_9)
FN:222,(anonymous_10)
FN:324,(anonymous_11)
FN:395,(anonymous_12)
FN:434,(anonymous_13)
FN:442,(anonymous_14)
FN:464,(anonymous_15)
FN:515,(anonymous_16)
FN:555,(anonymous_17)
FN:560,(anonymous_18)
FN:582,(anonymous_19)
FN:586,(anonymous_20)
FNF:17
FNH:0
FNDA:0,(anonymous_4)
FNDA:0,(anonymous_5)
FNDA:0,(anonymous_6)
FNDA:0,(anonymous_7)
FNDA:0,(anonymous_8)
FNDA:0,(anonymous_9)
FNDA:0,(anonymous_10)
FNDA:0,(anonymous_11)
FNDA:0,(anonymous_12)
FNDA:0,(anonymous_13)
FNDA:0,(anonymous_14)
FNDA:0,(anonymous_15)
FNDA:0,(anonymous_16)
FNDA:0,(anonymous_17)
FNDA:0,(anonymous_18)
FNDA:0,(anonymous_19)
FNDA:0,(anonymous_20)
DA:1,0
DA:10,0
DA:11,0
DA:17,0
DA:18,0
DA:19,0
DA:25,0
DA:26,0
DA:41,0
DA:42,0
DA:43,0
DA:46,0
DA:47,0
DA:48,0
DA:50,0
DA:57,0
DA:65,0
DA:66,0
DA:68,0
DA:79,0
DA:86,0
DA:87,0
DA:90,0
DA:103,0
DA:107,0
DA:108,0
DA:110,0
DA:113,0
DA:115,0
DA:123,0
DA:127,0
DA:128,0
DA:133,0
DA:134,0
DA:137,0
DA:138,0
DA:144,0
DA:148,0
DA:179,0
DA:180,0
DA:183,0
DA:188,0
DA:191,0
DA:195,0
DA:226,0
DA:228,0
DA:229,0
DA:234,0
DA:236,0
DA:237,0
DA:238,0
DA:247,0
DA:256,0
DA:257,0
DA:267,0
DA:268,0
DA:274,0
DA:275,0
DA:277,0
DA:285,0
DA:288,0
DA:289,0
DA:297,0
DA:300,0
DA:308,0
DA:312,0
DA:325,0
DA:326,0
DA:327,0
DA:338,0
DA:339,0
DA:340,0
DA:343,0
DA:344,0
DA:345,0
DA:346,0
DA:347,0
DA:348,0
DA:350,0
DA:351,0
DA:360,0
DA:363,0
DA:364,0
DA:365,0
DA:366,0
DA:375,0
DA:386,0
DA:396,0
DA:400,0
DA:401,0
DA:403,0
DA:407,0
DA:410,0
DA:412,0
DA:435,0
DA:444,0
DA:445,0
DA:449,0
DA:465,0
DA:485,0
DA:486,0
DA:491,0
DA:501,0
DA:503,0
DA:516,0
DA:527,0
DA:528,0
DA:531,0
DA:532,0
DA:533,0
DA:534,0
DA:535,0
DA:536,0
DA:537,0
DA:540,0
DA:556,0
DA:557,0
DA:563,0
DA:565,0
DA:566,0
DA:574,0
DA:578,0
DA:583,0
DA:587,0
DA:589,0
DA:590,0
DA:593,0
DA:594,0
LF:128
LH:0
BRDA:86,0,0,0
BRDA:86,0,1,0
BRDA:133,1,0,0
BRDA:133,1,1,0
BRDA:137,2,0,0
BRDA:137,2,1,0
BRDA:137,3,0,0
BRDA:137,3,1,0
BRDA:179,4,0,0
BRDA:179,4,1,0
BRDA:183,5,0,0
BRDA:183,5,1,0
BRDA:188,6,0,0
BRDA:188,6,1,0
BRDA:217,7,0,0
BRDA:217,7,1,0
BRDA:228,8,0,0
BRDA:228,8,1,0
BRDA:229,9,0,0
BRDA:229,9,1,0
BRDA:231,10,0,0
BRDA:231,10,1,0
BRDA:236,11,0,0
BRDA:236,11,1,0
BRDA:237,12,0,0
BRDA:237,12,1,0
BRDA:243,13,0,0
BRDA:243,13,1,0
BRDA:262,14,0,0
BRDA:262,14,1,0
BRDA:267,15,0,0
BRDA:267,15,1,0
BRDA:280,16,0,0
BRDA:280,16,1,0
BRDA:282,17,0,0
BRDA:282,17,1,0
BRDA:288,18,0,0
BRDA:288,18,1,0
BRDA:294,19,0,0
BRDA:294,19,1,0
BRDA:324,20,0,0
BRDA:327,21,0,0
BRDA:327,21,1,0
BRDA:343,22,0,0
BRDA:343,22,1,0
BRDA:350,23,0,0
BRDA:350,23,1,0
BRDA:360,24,0,0
BRDA:360,24,1,0
BRDA:381,25,0,0
BRDA:381,25,1,0
BRDA:396,26,0,0
BRDA:396,26,1,0
BRDA:404,27,0,0
BRDA:404,27,1,0
BRDA:485,28,0,0
BRDA:485,28,1,0
BRDA:527,29,0,0
BRDA:527,29,1,0
BRDA:532,30,0,0
BRDA:532,30,1,0
BRDA:534,31,0,0
BRDA:534,31,1,0
BRDA:536,32,0,0
BRDA:536,32,1,0
BRDA:557,33,0,0
BRDA:557,33,1,0
BRDA:563,34,0,0
BRDA:563,34,1,0
BRDA:587,35,0,0
BRDA:587,35,1,0
BRDA:590,36,0,0
BRDA:590,36,1,0
BRDA:590,37,0,0
BRDA:590,37,1,0
BRDA:593,38,0,0
BRDA:593,38,1,0
BRDA:593,39,0,0
BRDA:593,39,1,0
BRDA:46,40,0,0
BRDA:46,40,1,0
BRDA:46,41,0,0
BRDA:46,41,1,0
BRDA:46,42,0,0
BRDA:46,42,1,0
BRDA:46,43,0,0
BRDA:46,43,1,0
BRDA:47,44,0,0
BRDA:47,44,1,0
BRDA:47,45,0,0
BRDA:47,45,1,0
BRF:91
BRH:0
end_of_record
TN:
SF:src/auth/mfa.controller.ts
FN:52,(anonymous_4)
FN:85,(anonymous_5)
FN:115,(anonymous_6)
FN:136,(anonymous_7)
FN:174,(anonymous_8)
FN:196,(anonymous_9)
FNF:6
FNH:0
FNDA:0,(anonymous_4)
FNDA:0,(anonymous_5)
FNDA:0,(anonymous_6)
FNDA:0,(anonymous_7)
FNDA:0,(anonymous_8)
FNDA:0,(anonymous_9)
DA:1,0
DA:11,0
DA:18,0
DA:19,0
DA:20,0
DA:51,0
DA:52,0
DA:85,0
DA:89,0
DA:90,0
DA:115,0
DA:119,0
DA:120,0
DA:136,0
DA:140,0
DA:141,0
DA:142,0
DA:174,0
DA:175,0
DA:176,0
DA:181,0
DA:197,0
DA:198,0
LF:23
LH:0
BRDA:197,0,0,0
BRDA:197,0,1,0
BRDA:87,1,0,0
BRDA:87,1,1,0
BRDA:87,2,0,0
BRDA:87,2,1,0
BRDA:117,3,0,0
BRDA:117,3,1,0
BRDA:117,4,0,0
BRDA:117,4,1,0
BRDA:138,5,0,0
BRDA:138,5,1,0
BRDA:138,6,0,0
BRDA:138,6,1,0
BRDA:52,7,0,0
BRDA:52,7,1,0
BRDA:52,8,0,0
BRDA:52,8,1,0
BRF:18
BRH:0
end_of_record
TN:
SF:src/auth/oauth.controller.ts
FN:48,(anonymous_4)
FN:72,(anonymous_5)
FN:94,(anonymous_6)
FN:132,(anonymous_7)
FN:158,(anonymous_8)
FN:194,(anonymous_9)
FNF:6
FNH:0
FNDA:0,(anonymous_4)
FNDA:0,(anonymous_5)
FNDA:0,(anonymous_6)
FNDA:0,(anonymous_7)
FNDA:0,(anonymous_8)
FNDA:0,(anonymous_9)
DA:1,0
DA:11,0
DA:18,0
DA:19,0
DA:20,0
DA:21,0
DA:47,0
DA:48,0
DA:72,0
DA:73,0
DA:94,0
DA:95,0
DA:132,0
DA:133,0
DA:158,0
DA:159,0
DA:194,0
DA:198,0
LF:18
LH:0
BRDA:72,0,0,0
BRDA:72,0,1,0
BRDA:72,1,0,0
BRDA:72,1,1,0
BRDA:94,2,0,0
BRDA:94,2,1,0
BRDA:94,3,0,0
BRDA:94,3,1,0
BRDA:132,4,0,0
BRDA:132,4,1,0
BRDA:132,5,0,0
BRDA:132,5,1,0
BRDA:48,6,0,0
BRDA:48,6,1,0
BRDA:48,7,0,0
BRDA:48,7,1,0
BRF:16
BRH:0
end_of_record
TN:
SF:src/auth/oauth.service.ts
FN:46,(anonymous_4)
FN:67,(anonymous_5)
FN:81,(anonymous_6)
FN:114,(anonymous_7)
FN:170,(anonymous_8)
FN:178,(anonymous_9)
FN:179,(anonymous_10)
FN:192,(anonymous_11)
FN:206,(anonymous_12)
FN:208,(anonymous_13)
FN:253,(anonymous_14)
FN:259,(anonymous_15)
FN:330,(anonymous_16)
FNF:13
FNH:0
FNDA:0,(anonymous_4)
FNDA:0,(anonymous_5)
FNDA:0,(anonymous_6)
FNDA:0,(anonymous_7)
FNDA:0,(anonymous_8)
FNDA:0,(anonymous_9)
FNDA:0,(anonymous_10)
FNDA:0,(anonymous_11)
FNDA:0,(anonymous_12)
FNDA:0,(anonymous_13)
FNDA:0,(anonymous_14)
FNDA:0,(anonymous_15)
FNDA:0,(anonymous_16)
DA:1,0
DA:7,0
DA:8,0
DA:10,0
DA:38,0
DA:39,0
DA:40,0
DA:43,0
DA:44,0
DA:47,0
DA:48,0
DA:50,0
DA:68,0
DA:69,0
DA:71,0
DA:72,0
DA:82,0
DA:83,0
DA:85,0
DA:86,0
DA:119,0
DA:122,0
DA:125,0
DA:130,0
DA:135,0
DA:138,0
DA:140,0
DA:171,0
DA:177,0
DA:178,0
DA:179,0
DA:193,0
DA:194,0
DA:195,0
DA:201,0
DA:206,0
DA:207,0
DA:208,0
DA:211,0
DA:212,0
DA:218,0
DA:222,0
DA:223,0
DA:228,0
DA:230,0
DA:259,0
DA:262,0
DA:266,0
DA:269,0
DA:272,0
DA:283,0
DA:287,0
DA:288,0
DA:289,0
DA:301,0
DA:305,0
DA:306,0
DA:307,0
DA:314,0
DA:315,0
DA:317,0
DA:320,0
DA:333,0
DA:335,0
DA:336,0
DA:344,0
DA:348,0
LF:67
LH:0
BRDA:68,0,0,0
BRDA:68,0,1,0
BRDA:82,1,0,0
BRDA:82,1,1,0
BRDA:146,2,0,0
BRDA:146,2,1,0
BRDA:147,3,0,0
BRDA:147,3,1,0
BRDA:148,4,0,0
BRDA:148,4,1,0
BRDA:194,5,0,0
BRDA:194,5,1,0
BRDA:208,6,0,0
BRDA:208,6,1,0
BRDA:211,7,0,0
BRDA:211,7,1,0
BRDA:211,8,0,0
BRDA:211,8,1,0
BRDA:222,9,0,0
BRDA:222,9,1,0
BRDA:266,10,0,0
BRDA:266,10,1,0
BRDA:276,11,0,0
BRDA:276,11,1,0
BRDA:277,12,0,0
BRDA:277,12,1,0
BRDA:287,13,0,0
BRDA:287,13,1,0
BRDA:305,14,0,0
BRDA:305,14,1,0
BRDA:314,15,0,0
BRDA:314,15,1,0
BRDA:333,16,0,0
BRDA:333,16,1,0
BRDA:47,17,0,0
BRDA:47,17,1,0
BRDA:47,18,0,0
BRDA:47,18,1,0
BRDA:47,19,0,0
BRDA:47,19,1,0
BRDA:47,20,0,0
BRDA:47,20,1,0
BRF:42
BRH:0
end_of_record
TN:
SF:src/auth/sessions.controller.ts
FN:28,(anonymous_4)
FN:60,(anonymous_5)
FN:72,(anonymous_6)
FN:88,(anonymous_7)
FNF:4
FNH:0
FNDA:0,(anonymous_4)
FNDA:0,(anonymous_5)
FNDA:0,(anonymous_6)
FNDA:0,(anonymous_7)
DA:1,0
DA:11,0
DA:19,0
DA:20,0
DA:21,0
DA:27,0
DA:29,0
DA:30,0
DA:60,0
DA:61,0
DA:62,0
DA:72,0
DA:76,0
DA:77,0
DA:78,0
DA:88,0
DA:89,0
DA:92,0
DA:95,0
DA:97,0
LF:20
LH:0
BRDA:29,0,0,0
BRDA:29,0,1,0
BRDA:29,1,0,0
BRDA:29,1,1,0
BRDA:29,2,0,0
BRDA:29,2,1,0
BRDA:29,3,0,0
BRDA:29,3,1,0
BRF:8
BRH:0
end_of_record
TN:
SF:src/auth/dto/login.dto.ts
FNF:0
FNH:0
DA:1,0
DA:2,0
DA:4,0
DA:10,0
DA:14,0
LF:5
LH:0
BRF:0
BRH:0
end_of_record
TN:
SF:src/auth/dto/logout.dto.ts
FNF:0
FNH:0
DA:1,0
DA:2,0
DA:4,0
DA:12,0
LF:4
LH:0
BRF:0
BRH:0
end_of_record
TN:
SF:src/auth/dto/mfa.dto.ts
FNF:0
FNH:0
DA:1,0
DA:2,0
DA:4,0
DA:11,0
DA:14,0
DA:21,0
DA:24,0
DA:31,0
LF:8
LH:0
BRF:0
BRH:0
end_of_record
TN:
SF:src/auth/dto/oauth-callback.dto.ts
FNF:0
FNH:0
DA:1,0
DA:2,0
DA:16,0
DA:23,0
DA:31,0
DA:40,0
LF:6
LH:0
BRF:0
BRH:0
end_of_record
TN:
SF:src/auth/dto/oauth-initiate.dto.ts
FNF:0
FNH:0
DA:1,0
DA:2,0
DA:4,0
DA:12,0
LF:4
LH:0
BRF:0
BRH:0
end_of_record
TN:
SF:src/auth/dto/refresh-session.dto.ts
FNF:0
FNH:0
DA:1,0
DA:2,0
DA:4,0
DA:11,0
DA:21,0
LF:5
LH:0
BRF:0
BRH:0
end_of_record
TN:
SF:src/auth/dto/register.dto.ts
FNF:0
FNH:0
DA:1,0
DA:8,0
DA:10,0
DA:14,0
DA:19,0
DA:24,0
DA:31,0
DA:44,0
LF:8
LH:0
BRF:0
BRH:0
end_of_record
TN:
SF:src/auth/dto/reset-password-request.dto.ts
FNF:0
FNH:0
DA:1,0
DA:2,0
DA:4,0
DA:10,0
LF:4
LH:0
BRF:0
BRH:0
end_of_record
TN:
SF:src/auth/dto/set-active-club-context.dto.ts
FNF:0
FNH:0
DA:1,0
DA:2,0
DA:4,0
DA:10,0
LF:4
LH:0
BRF:0
BRH:0
end_of_record
TN:
SF:src/auth/dto/update-password.dto.ts
FNF:0
FNH:0
DA:1,0
DA:2,0
DA:4,0
DA:12,0
LF:4
LH:0
BRF:0
BRH:0
end_of_record
TN:
SF:src/auth/strategies/jwt.strategy.ts
FN:19,(anonymous_2)
FN:34,(anonymous_3)
FN:72,(anonymous_4)
FNF:3
FNH:0
FNDA:0,(anonymous_2)
FNDA:0,(anonymous_3)
FNDA:0,(anonymous_4)
DA:1,0
DA:2,0
DA:3,0
DA:4,0
DA:6,0
DA:16,0
DA:17,0
DA:21,0
DA:23,0
DA:31,0
DA:35,0
DA:37,0
DA:38,0
DA:44,0
DA:47,0
DA:55,0
DA:61,0
DA:64,0
DA:73,0
DA:74,0
DA:75,0
DA:78,0
LF:22
LH:0
BRDA:37,0,0,0
BRDA:37,0,1,0
BRDA:37,1,0,0
BRDA:37,1,1,0
BRDA:47,2,0,0
BRDA:47,2,1,0
BRDA:48,3,0,0
BRDA:48,3,1,0
BRDA:48,3,2,0
BRDA:74,4,0,0
BRDA:74,4,1,0
BRDA:74,5,0,0
BRDA:74,5,1,0
BRDA:20,6,0,0
BRDA:20,6,1,0
BRDA:20,7,0,0
BRDA:20,7,1,0
BRDA:20,8,0,0
BRDA:20,8,1,0
BRDA:20,9,0,0
BRDA:20,9,1,0
BRF:21
BRH:0
end_of_record
TN:
SF:src/auth/utils/auth-token-response.util.ts
FN:15,buildAuthTokenResponse
FNF:1
FNH:0
FNDA:0,buildAuthTokenResponse
DA:15,0
DA:18,0
DA:22,0
DA:23,0
DA:26,0
DA:27,0
DA:30,0
DA:31,0
DA:34,0
LF:9
LH:0
BRDA:22,0,0,0
BRDA:22,0,1,0
BRDA:26,1,0,0
BRDA:26,1,1,0
BRDA:30,2,0,0
BRDA:30,2,1,0
BRDA:31,3,0,0
BRDA:31,3,1,0
BRF:8
BRH:0
end_of_record
TN:
SF:src/better-auth/better-auth.config.ts
FN:9,createBetterAuth
FNF:1
FNH:0
FNDA:0,createBetterAuth
DA:1,1
DA:2,1
DA:6,1
DA:9,1
DA:10,0
LF:5
LH:4
BRF:0
BRH:0
end_of_record
TN:
SF:src/better-auth/better-auth.module.ts
FN:24,(anonymous_1)
FN:37,(anonymous_2)
FNF:2
FNH:0
FNDA:0,(anonymous_1)
FNDA:0,(anonymous_2)
DA:1,0
DA:2,0
DA:3,0
DA:4,0
DA:5,0
DA:6,0
DA:24,0
DA:38,0
DA:44,0
LF:9
LH:0
BRF:0
BRH:0
end_of_record
TN:
SF:src/better-auth/better-auth.service.ts
FN:144,buildSessionHeaders
FN:155,mapBaError
FN:196,(anonymous_6)
FN:213,(anonymous_7)
FN:227,(anonymous_8)
FN:231,(anonymous_9)
FN:257,(anonymous_10)
FN:298,(anonymous_11)
FN:336,(anonymous_12)
FN:361,(anonymous_13)
FN:385,(anonymous_14)
FN:425,(anonymous_15)
FN:484,(anonymous_16)
FN:501,(anonymous_17)
FN:519,(anonymous_18)
FN:539,(anonymous_19)
FN:556,(anonymous_20)
FN:579,(anonymous_21)
FN:603,(anonymous_22)
FN:656,(anonymous_23)
FN:706,(anonymous_24)
FNF:21
FNH:12
FNDA:9,buildSessionHeaders
FNDA:6,mapBaError
FNDA:25,(anonymous_6)
FNDA:11,(anonymous_7)
FNDA:8,(anonymous_8)
FNDA:1,(anonymous_9)
FNDA:6,(anonymous_10)
FNDA:3,(anonymous_11)
FNDA:4,(anonymous_12)
FNDA:3,(anonymous_13)
FNDA:4,(anonymous_14)
FNDA:0,(anonymous_15)
FNDA:0,(anonymous_16)
FNDA:0,(anonymous_17)
FNDA:0,(anonymous_18)
FNDA:0,(anonymous_19)
FNDA:0,(anonymous_20)
FNDA:0,(anonymous_21)
FNDA:0,(anonymous_22)
FNDA:0,(anonymous_23)
FNDA:8,(anonymous_24)
DA:1,1
DA:11,1
DA:12,1
DA:13,1
DA:145,9
DA:148,9
DA:149,9
DA:156,6
DA:162,6
DA:163,6
DA:165,6
DA:167,2
DA:169,0
DA:171,1
DA:174,1
DA:176,2
DA:184,0
DA:185,0
DA:193,1
DA:194,25
DA:197,25
DA:199,25
DA:214,11
DA:215,11
DA:216,2
DA:220,9
DA:230,8
DA:231,6
DA:232,1
DA:235,5
DA:236,2
DA:239,3
DA:262,6
DA:263,6
DA:267,3
DA:270,1
DA:275,2
DA:276,1
DA:278,1
DA:279,1
DA:281,5
DA:286,2
DA:288,3
DA:302,3
DA:303,3
DA:307,2
DA:308,1
DA:310,1
DA:311,1
DA:313,2
DA:319,1
DA:321,1
DA:337,4
DA:338,4
DA:339,1
DA:341,1
DA:342,1
DA:344,3
DA:348,3
DA:350,0
DA:362,3
DA:363,3
DA:364,3
DA:368,1
DA:370,2
DA:372,2
DA:389,4
DA:390,4
DA:393,3
DA:395,1
DA:433,0
DA:488,0
DA:505,0
DA:525,0
DA:540,0
DA:560,0
DA:580,0
DA:607,0
DA:608,0
DA:616,0
DA:617,0
DA:623,0
DA:624,0
DA:626,0
DA:627,0
DA:629,0
DA:630,0
DA:662,0
DA:666,0
DA:671,0
DA:672,0
DA:677,0
DA:678,0
DA:680,0
DA:681,0
DA:683,0
DA:687,0
DA:689,0
DA:707,8
LF:99
LH:67
BRDA:156,0,0,6
BRDA:156,0,1,0
BRDA:157,1,0,6
BRDA:157,1,1,6
BRDA:157,1,2,6
BRDA:157,1,3,6
BRDA:163,2,0,6
BRDA:163,2,1,0
BRDA:165,3,0,2
BRDA:165,3,1,0
BRDA:165,3,2,1
BRDA:165,3,3,1
BRDA:165,3,4,2
BRDA:177,4,0,2
BRDA:177,4,1,0
BRDA:184,5,0,0
BRDA:184,5,1,0
BRDA:215,6,0,2
BRDA:215,6,1,9
BRDA:235,7,0,2
BRDA:235,7,1,3
BRDA:267,8,0,1
BRDA:267,8,1,2
BRDA:281,9,0,2
BRDA:281,9,1,3
BRDA:282,10,0,5
BRDA:282,10,1,5
BRDA:282,10,2,5
BRDA:313,11,0,1
BRDA:313,11,1,1
BRDA:314,12,0,2
BRDA:314,12,1,2
BRDA:314,12,2,1
BRDA:314,12,3,1
BRDA:344,13,0,3
BRDA:344,13,1,0
BRDA:345,14,0,3
BRDA:345,14,1,1
BRDA:370,15,0,0
BRDA:370,15,1,2
BRDA:373,16,0,1
BRDA:373,16,1,1
BRDA:391,17,0,1
BRDA:391,17,1,3
BRDA:616,18,0,0
BRDA:616,18,1,0
BRDA:624,19,0,0
BRDA:624,19,1,0
BRDA:629,20,0,0
BRDA:629,20,1,0
BRDA:671,21,0,0
BRDA:671,21,1,0
BRDA:683,22,0,0
BRDA:683,22,1,0
BRDA:684,23,0,0
BRDA:684,23,1,0
BRDA:197,24,0,1
BRDA:197,24,1,0
BRDA:197,25,0,1
BRDA:197,25,1,1
BRDA:197,26,0,0
BRDA:197,26,1,1
BRDA:197,27,0,1
BRDA:197,27,1,0
BRF:64
BRH:41
end_of_record
TN:
SF:src/better-auth/index.ts
FN:1,(anonymous_0)
FN:2,(anonymous_1)
FN:13,(anonymous_2)
FNF:3
FNH:0
FNDA:0,(anonymous_0)
FNDA:0,(anonymous_1)
FNDA:0,(anonymous_2)
DA:1,0
DA:2,0
DA:13,0
LF:3
LH:0
BRF:0
BRH:0
end_of_record
TN:
SF:src/camporees/camporees.controller.ts
FN:36,(anonymous_4)
FN:53,(anonymous_5)
FN:80,(anonymous_6)
FN:94,(anonymous_7)
FN:105,(anonymous_8)
FN:119,(anonymous_9)
FN:138,(anonymous_10)
FN:155,(anonymous_11)
FN:170,(anonymous_12)
FNF:9
FNH:0
FNDA:0,(anonymous_4)
FNDA:0,(anonymous_5)
FNDA:0,(anonymous_6)
FNDA:0,(anonymous_7)
FNDA:0,(anonymous_8)
FNDA:0,(anonymous_9)
FNDA:0,(anonymous_10)
FNDA:0,(anonymous_11)
FNDA:0,(anonymous_12)
DA:1,0
DA:14,0
DA:22,0
DA:23,0
DA:24,0
DA:28,0
DA:29,0
DA:35,0
DA:36,0
DA:53,0
DA:59,0
DA:60,0
DA:61,0
DA:63,0
DA:80,0
DA:81,0
DA:94,0
DA:95,0
DA:105,0
DA:109,0
DA:119,0
DA:120,0
DA:138,0
DA:142,0
DA:155,0
DA:156,0
DA:170,0
DA:174,0
LF:28
LH:0
BRDA:60,0,0,0
BRDA:60,0,1,0
BRDA:61,1,0,0
BRDA:61,1,1,0
BRDA:66,2,0,0
BRDA:66,2,1,0
BRDA:66,3,0,0
BRDA:66,3,1,0
BRDA:94,4,0,0
BRDA:94,4,1,0
BRDA:94,5,0,0
BRDA:94,5,1,0
BRDA:107,6,0,0
BRDA:107,6,1,0
BRDA:107,7,0,0
BRDA:107,7,1,0
BRDA:140,8,0,0
BRDA:140,8,1,0
BRDA:140,9,0,0
BRDA:140,9,1,0
BRDA:36,10,0,0
BRDA:36,10,1,0
BRDA:36,11,0,0
BRDA:36,11,1,0
BRF:24
BRH:0
end_of_record
TN:
SF:src/camporees/camporees.module.ts
FNF:0
FNH:0
DA:1,0
DA:2,0
DA:3,0
DA:4,0
DA:5,0
DA:13,0
LF:6
LH:0
BRF:0
BRH:0
end_of_record
TN:
SF:src/camporees/camporees.service.ts
FN:34,(anonymous_4)
FN:49,(anonymous_5)
FN:99,(anonymous_6)
FN:140,(anonymous_7)
FN:209,(anonymous_8)
FN:244,(anonymous_9)
FN:266,(anonymous_10)
FN:267,(anonymous_11)
FN:387,(anonymous_12)
FN:423,(anonymous_13)
FN:432,(anonymous_14)
FN:471,(anonymous_15)
FN:483,(anonymous_16)
FN:501,(anonymous_17)
FN:520,(anonymous_18)
FN:542,(anonymous_19)
FN:561,(anonymous_20)
FN:594,(anonymous_21)
FN:632,(anonymous_22)
FN:643,(anonymous_23)
FN:648,(anonymous_24)
FN:650,(anonymous_25)
FNF:22
FNH:0
FNDA:0,(anonymous_4)
FNDA:0,(anonymous_5)
FNDA:0,(anonymous_6)
FNDA:0,(anonymous_7)
FNDA:0,(anonymous_8)
FNDA:0,(anonymous_9)
FNDA:0,(anonymous_10)
FNDA:0,(anonymous_11)
FNDA:0,(anonymous_12)
FNDA:0,(anonymous_13)
FNDA:0,(anonymous_14)
FNDA:0,(anonymous_15)
FNDA:0,(anonymous_16)
FNDA:0,(anonymous_17)
FNDA:0,(anonymous_18)
FNDA:0,(anonymous_19)
FNDA:0,(anonymous_20)
FNDA:0,(anonymous_21)
FNDA:0,(anonymous_22)
FNDA:0,(anonymous_23)
FNDA:0,(anonymous_24)
FNDA:0,(anonymous_25)
DA:1,0
DA:9,0
DA:10,0
DA:18,0
DA:19,0
DA:30,0
DA:31,0
DA:32,0
DA:35,0
DA:37,0
DA:54,0
DA:56,0
DA:57,0
DA:60,0
DA:62,0
DA:88,0
DA:100,0
DA:128,0
DA:129,0
DA:132,0
DA:145,0
DA:148,0
DA:153,0
DA:154,0
DA:160,0
DA:164,0
DA:165,0
DA:170,0
DA:210,0
DA:213,0
DA:218,0
DA:245,0
DA:247,0
DA:267,0
DA:269,0
DA:273,0
DA:274,0
DA:278,0
DA:279,0
DA:283,0
DA:287,0
DA:288,0
DA:292,0
DA:300,0
DA:301,0
DA:307,0
DA:308,0
DA:313,0
DA:314,0
DA:318,0
DA:319,0
DA:325,0
DA:326,0
DA:330,0
DA:331,0
DA:337,0
DA:338,0
DA:343,0
DA:377,0
DA:380,0
DA:389,0
DA:391,0
DA:422,0
DA:423,0
DA:434,0
DA:437,0
DA:445,0
DA:446,0
DA:452,0
DA:476,0
DA:487,0
DA:490,0
DA:491,0
DA:492,0
DA:494,0
DA:504,0
DA:507,0
DA:511,0
DA:523,0
DA:525,0
DA:526,0
DA:534,0
DA:538,0
DA:546,0
DA:547,0
DA:548,0
DA:551,0
DA:552,0
DA:553,0
DA:556,0
DA:565,0
DA:566,0
DA:567,0
DA:570,0
DA:571,0
DA:574,0
DA:575,0
DA:580,0
DA:581,0
DA:584,0
DA:589,0
DA:600,0
DA:601,0
DA:604,0
DA:605,0
DA:606,0
DA:609,0
DA:610,0
DA:611,0
DA:619,0
DA:622,0
DA:623,0
DA:627,0
DA:630,0
DA:631,0
DA:632,0
DA:634,0
DA:636,0
DA:637,0
DA:640,0
DA:647,0
DA:648,0
DA:650,0
DA:651,0
LF:124
LH:0
BRDA:56,0,0,0
BRDA:56,0,1,0
BRDA:82,1,0,0
BRDA:82,1,1,0
BRDA:83,2,0,0
BRDA:83,2,1,0
BRDA:91,3,0,0
BRDA:91,3,1,0
BRDA:128,4,0,0
BRDA:128,4,1,0
BRDA:153,5,0,0
BRDA:153,5,1,0
BRDA:164,6,0,0
BRDA:164,6,1,0
BRDA:273,7,0,0
BRDA:273,7,1,0
BRDA:278,8,0,0
BRDA:278,8,1,0
BRDA:287,9,0,0
BRDA:287,9,1,0
BRDA:300,10,0,0
BRDA:300,10,1,0
BRDA:307,11,0,0
BRDA:307,11,1,0
BRDA:313,12,0,0
BRDA:313,12,1,0
BRDA:318,13,0,0
BRDA:318,13,1,0
BRDA:325,14,0,0
BRDA:325,14,1,0
BRDA:330,15,0,0
BRDA:330,15,1,0
BRDA:337,16,0,0
BRDA:337,16,1,0
BRDA:445,17,0,0
BRDA:445,17,1,0
BRDA:490,18,0,0
BRDA:490,18,1,0
BRDA:491,19,0,0
BRDA:491,19,1,0
BRDA:497,20,0,0
BRDA:497,20,1,0
BRDA:504,21,0,0
BRDA:504,21,1,0
BRDA:507,22,0,0
BRDA:507,22,1,0
BRDA:523,23,0,0
BRDA:523,23,1,0
BRDA:547,24,0,0
BRDA:547,24,1,0
BRDA:551,25,0,0
BRDA:551,25,1,0
BRDA:566,26,0,0
BRDA:566,26,1,0
BRDA:570,27,0,0
BRDA:570,27,1,0
BRDA:570,28,0,0
BRDA:570,28,1,0
BRDA:574,29,0,0
BRDA:574,29,1,0
BRDA:580,30,0,0
BRDA:580,30,1,0
BRDA:600,31,0,0
BRDA:600,31,1,0
BRDA:605,32,0,0
BRDA:605,32,1,0
BRDA:611,33,0,0
BRDA:611,33,1,0
BRDA:612,34,0,0
BRDA:612,34,1,0
BRDA:623,35,0,0
BRDA:623,35,1,0
BRDA:624,36,0,0
BRDA:624,36,1,0
BRDA:636,37,0,0
BRDA:636,37,1,0
BRDA:35,38,0,0
BRDA:35,38,1,0
BRDA:35,39,0,0
BRDA:35,39,1,0
BRF:80
BRH:0
end_of_record
TN:
SF:src/camporees/dto/create-camporee.dto.ts
FNF:0
FNH:0
DA:1,0
DA:12,0
DA:18,0
DA:26,0
DA:35,0
DA:42,0
DA:49,0
DA:56,0
DA:63,0
DA:70,0
DA:77,0
DA:86,0
DA:95,0
LF:13
LH:0
BRF:0
BRH:0
end_of_record
TN:
SF:src/camporees/dto/index.ts
FN:1,(anonymous_0)
FN:2,(anonymous_1)
FN:3,(anonymous_2)
FNF:3
FNH:0
FNDA:0,(anonymous_0)
FNDA:0,(anonymous_1)
FNDA:0,(anonymous_2)
DA:1,0
DA:2,0
DA:3,0
LF:3
LH:0
BRF:0
BRH:0
end_of_record
TN:
SF:src/camporees/dto/register-member.dto.ts
FNF:0
FNH:0
DA:1,0
DA:10,0
DA:16,0
DA:23,0
DA:33,0
DA:42,0
DA:50,0
LF:7
LH:0
BRF:0
BRH:0
end_of_record
TN:
SF:src/camporees/dto/update-camporee.dto.ts
FNF:0
FNH:0
DA:1,0
DA:2,0
DA:3,0
DA:9,0
DA:16,0
LF:5
LH:0
BRF:0
BRH:0
end_of_record
TN:
SF:src/catalogs/catalogs.controller.ts
FN:16,(anonymous_4)
FN:28,(anonymous_5)
FN:39,(anonymous_6)
FN:50,(anonymous_7)
FN:63,(anonymous_8)
FN:83,(anonymous_9)
FN:105,(anonymous_10)
FN:127,(anonymous_11)
FN:149,(anonymous_12)
FN:173,(anonymous_13)
FN:186,(anonymous_14)
FN:197,(anonymous_15)
FN:216,(anonymous_16)
FN:232,(anonymous_17)
FN:245,(anonymous_18)
FNF:15
FNH:0
FNDA:0,(anonymous_4)
FNDA:0,(anonymous_5)
FNDA:0,(anonymous_6)
FNDA:0,(anonymous_7)
FNDA:0,(anonymous_8)
FNDA:0,(anonymous_9)
FNDA:0,(anonymous_10)
FNDA:0,(anonymous_11)
FNDA:0,(anonymous_12)
FNDA:0,(anonymous_13)
FNDA:0,(anonymous_14)
FNDA:0,(anonymous_15)
FNDA:0,(anonymous_16)
FNDA:0,(anonymous_17)
FNDA:0,(anonymous_18)
DA:1,0
DA:8,0
DA:9,0
DA:10,0
DA:15,0
DA:16,0
DA:28,0
DA:29,0
DA:39,0
DA:40,0
DA:50,0
DA:51,0
DA:63,0
DA:64,0
DA:83,0
DA:87,0
DA:105,0
DA:109,0
DA:127,0
DA:131,0
DA:149,0
DA:153,0
DA:173,0
DA:174,0
DA:186,0
DA:187,0
DA:197,0
DA:198,0
DA:216,0
DA:220,0
DA:232,0
DA:233,0
DA:245,0
DA:246,0
LF:34
LH:0
BRDA:16,0,0,0
BRDA:16,0,1,0
BRDA:16,1,0,0
BRDA:16,1,1,0
BRF:4
BRH:0
end_of_record
TN:
SF:src/catalogs/catalogs.module.ts
FNF:0
FNH:0
DA:1,0
DA:2,0
DA:3,0
DA:4,0
DA:12,0
LF:5
LH:0
BRF:0
BRH:0
end_of_record
TN:
SF:src/catalogs/catalogs.service.ts
FN:7,(anonymous_2)
FN:12,(anonymous_3)
FN:23,(anonymous_4)
FN:36,(anonymous_5)
FN:51,(anonymous_6)
FN:66,(anonymous_7)
FN:84,(anonymous_8)
FN:102,(anonymous_9)
FN:120,(anonymous_10)
FN:138,(anonymous_11)
FN:161,(anonymous_12)
FN:173,(anonymous_13)
FN:193,(anonymous_14)
FN:213,(anonymous_15)
FN:228,(anonymous_16)
FNF:15
FNH:0
FNDA:0,(anonymous_2)
FNDA:0,(anonymous_3)
FNDA:0,(anonymous_4)
FNDA:0,(anonymous_5)
FNDA:0,(anonymous_6)
FNDA:0,(anonymous_7)
FNDA:0,(anonymous_8)
FNDA:0,(anonymous_9)
FNDA:0,(anonymous_10)
FNDA:0,(anonymous_11)
FNDA:0,(anonymous_12)
FNDA:0,(anonymous_13)
FNDA:0,(anonymous_14)
FNDA:0,(anonymous_15)
FNDA:0,(anonymous_16)
DA:1,0
DA:2,0
DA:6,0
DA:7,0
DA:13,0
DA:24,0
DA:37,0
DA:52,0
DA:67,0
DA:85,0
DA:103,0
DA:121,0
DA:139,0
DA:143,0
DA:144,0
DA:147,0
DA:162,0
DA:174,0
DA:176,0
DA:194,0
DA:214,0
DA:229,0
LF:22
LH:0
BRDA:70,0,0,0
BRDA:70,0,1,0
BRDA:88,1,0,0
BRDA:88,1,1,0
BRDA:106,2,0,0
BRDA:106,2,1,0
BRDA:124,3,0,0
BRDA:124,3,1,0
BRDA:143,4,0,0
BRDA:143,4,1,0
BRDA:143,5,0,0
BRDA:143,5,1,0
BRDA:143,5,2,0
BRDA:197,6,0,0
BRDA:197,6,1,0
BRDA:7,7,0,0
BRDA:7,7,1,0
BRDA:7,8,0,0
BRDA:7,8,1,0
BRF:19
BRH:0
end_of_record
TN:
SF:src/certifications/certifications.controller.ts
FN:36,(anonymous_4)
FN:62,(anonymous_5)
FN:87,(anonymous_6)
FN:122,(anonymous_7)
FN:150,(anonymous_8)
FN:184,(anonymous_9)
FN:228,(anonymous_10)
FN:270,(anonymous_11)
FNF:8
FNH:0
FNDA:0,(anonymous_4)
FNDA:0,(anonymous_5)
FNDA:0,(anonymous_6)
FNDA:0,(anonymous_7)
FNDA:0,(anonymous_8)
FNDA:0,(anonymous_9)
FNDA:0,(anonymous_10)
FNDA:0,(anonymous_11)
DA:1,0
DA:13,0
DA:21,0
DA:22,0
DA:23,0
DA:24,0
DA:25,0
DA:29,0
DA:35,0
DA:36,0
DA:62,0
DA:63,0
DA:64,0
DA:87,0
DA:88,0
DA:89,0
DA:122,0
DA:126,0
DA:127,0
DA:150,0
DA:151,0
DA:152,0
DA:184,0
DA:188,0
DA:192,0
DA:228,0
DA:233,0
DA:238,0
DA:270,0
DA:274,0
DA:278,0
LF:31
LH:0
BRDA:62,0,0,0
BRDA:62,0,1,0
BRDA:62,1,0,0
BRDA:62,1,1,0
BRDA:124,2,0,0
BRDA:124,2,1,0
BRDA:124,3,0,0
BRDA:124,3,1,0
BRDA:231,4,0,0
BRDA:231,4,1,0
BRDA:231,5,0,0
BRDA:231,5,1,0
BRDA:36,6,0,0
BRDA:36,6,1,0
BRDA:36,7,0,0
BRDA:36,7,1,0
BRF:16
BRH:0
end_of_record
TN:
SF:src/certifications/certifications.module.ts
FNF:0
FNH:0
DA:1,0
DA:2,0
DA:3,0
DA:4,0
DA:12,0
LF:5
LH:0
BRF:0
BRH:0
end_of_record
TN:
SF:src/certifications/certifications.service.ts
FN:19,(anonymous_2)
FN:28,(anonymous_3)
FN:49,(anonymous_4)
FN:67,(anonymous_5)
FN:94,(anonymous_6)
FN:98,(anonymous_7)
FN:115,(anonymous_8)
FN:180,(anonymous_9)
FN:211,(anonymous_10)
FN:234,(anonymous_11)
FN:245,(anonymous_12)
FN:275,(anonymous_13)
FN:311,(anonymous_14)
FN:319,(anonymous_15)
FN:319,(anonymous_16)
FN:332,(anonymous_17)
FN:334,(anonymous_18)
FN:337,(anonymous_19)
FN:339,(anonymous_20)
FN:360,(anonymous_21)
FN:379,(anonymous_22)
FN:384,(anonymous_23)
FN:456,(anonymous_24)
FN:507,(anonymous_25)
FN:555,(anonymous_26)
FNF:25
FNH:0
FNDA:0,(anonymous_2)
FNDA:0,(anonymous_3)
FNDA:0,(anonymous_4)
FNDA:0,(anonymous_5)
FNDA:0,(anonymous_6)
FNDA:0,(anonymous_7)
FNDA:0,(anonymous_8)
FNDA:0,(anonymous_9)
FNDA:0,(anonymous_10)
FNDA:0,(anonymous_11)
FNDA:0,(anonymous_12)
FNDA:0,(anonymous_13)
FNDA:0,(anonymous_14)
FNDA:0,(anonymous_15)
FNDA:0,(anonymous_16)
FNDA:0,(anonymous_17)
FNDA:0,(anonymous_18)
FNDA:0,(anonymous_19)
FNDA:0,(anonymous_20)
FNDA:0,(anonymous_21)
FNDA:0,(anonymous_22)
FNDA:0,(anonymous_23)
FNDA:0,(anonymous_24)
FNDA:0,(anonymous_25)
FNDA:0,(anonymous_26)
DA:1,0
DA:8,0
DA:9,0
DA:18,0
DA:19,0
DA:29,0
DA:31,0
DA:49,0
DA:57,0
DA:68,0
DA:82,0
DA:83,0
DA:89,0
DA:94,0
DA:98,0
DA:117,0
DA:120,0
DA:124,0
DA:125,0
DA:129,0
DA:139,0
DA:140,0
DA:146,0
DA:163,0
DA:182,0
DA:199,0
DA:200,0
DA:205,0
DA:212,0
DA:233,0
DA:236,0
DA:240,0
DA:245,0
DA:253,0
DA:255,0
DA:277,0
DA:300,0
DA:301,0
DA:306,0
DA:311,0
DA:318,0
DA:319,0
DA:323,0
DA:331,0
DA:333,0
DA:334,0
DA:337,0
DA:338,0
DA:339,0
DA:342,0
DA:350,0
DA:360,0
DA:361,0
DA:363,0
DA:365,0
DA:384,0
DA:386,0
DA:394,0
DA:395,0
DA:399,0
DA:409,0
DA:410,0
DA:417,0
DA:425,0
DA:426,0
DA:434,0
DA:448,0
DA:453,0
DA:456,0
DA:462,0
DA:466,0
DA:474,0
DA:475,0
DA:483,0
DA:496,0
DA:503,0
DA:507,0
DA:514,0
DA:517,0
DA:518,0
DA:529,0
DA:533,0
DA:556,0
DA:564,0
DA:565,0
DA:568,0
DA:575,0
LF:87
LH:0
BRDA:42,0,0,0
BRDA:42,0,1,0
BRDA:43,1,0,0
BRDA:43,1,1,0
BRDA:60,2,0,0
BRDA:60,2,1,0
BRDA:82,3,0,0
BRDA:82,3,1,0
BRDA:124,4,0,0
BRDA:124,4,1,0
BRDA:124,5,0,0
BRDA:124,5,1,0
BRDA:139,6,0,0
BRDA:139,6,1,0
BRDA:199,7,0,0
BRDA:199,7,1,0
BRDA:253,8,0,0
BRDA:253,8,1,0
BRDA:300,9,0,0
BRDA:300,9,1,0
BRDA:345,10,0,0
BRDA:345,10,1,0
BRDA:346,11,0,0
BRDA:346,11,1,0
BRDA:353,12,0,0
BRDA:353,12,1,0
BRDA:354,13,0,0
BRDA:354,13,1,0
BRDA:363,14,0,0
BRDA:363,14,1,0
BRDA:394,15,0,0
BRDA:394,15,1,0
BRDA:409,16,0,0
BRDA:409,16,1,0
BRDA:425,17,0,0
BRDA:425,17,1,0
BRDA:430,18,0,0
BRDA:430,18,1,0
BRDA:442,19,0,0
BRDA:442,19,1,0
BRDA:474,20,0,0
BRDA:474,20,1,0
BRDA:479,21,0,0
BRDA:479,21,1,0
BRDA:490,22,0,0
BRDA:490,22,1,0
BRDA:517,23,0,0
BRDA:517,23,1,0
BRDA:529,24,0,0
BRDA:529,24,1,0
BRDA:564,25,0,0
BRDA:564,25,1,0
BRDA:19,26,0,0
BRDA:19,26,1,0
BRDA:19,27,0,0
BRDA:19,27,1,0
BRF:56
BRH:0
end_of_record
TN:
SF:src/certifications/dto/enroll-certification.dto.ts
FNF:0
FNH:0
DA:1,0
DA:2,0
DA:4,0
DA:11,0
LF:4
LH:0
BRF:0
BRH:0
end_of_record
TN:
SF:src/certifications/dto/update-progress.dto.ts
FNF:0
FNH:0
DA:1,0
DA:2,0
DA:4,0
DA:11,0
DA:19,0
DA:26,0
LF:6
LH:0
BRF:0
BRH:0
end_of_record
TN:
SF:src/classes/classes.controller.ts
FN:49,(anonymous_4)
FN:81,(anonymous_5)
FN:102,(anonymous_6)
FN:113,(anonymous_7)
FN:127,(anonymous_8)
FN:144,(anonymous_9)
FN:160,(anonymous_10)
FN:197,(anonymous_11)
FN:225,(anonymous_12)
FN:270,(anonymous_13)
FN:300,(anonymous_14)
FNF:11
FNH:0
FNDA:0,(anonymous_4)
FNDA:0,(anonymous_5)
FNDA:0,(anonymous_6)
FNDA:0,(anonymous_7)
FNDA:0,(anonymous_8)
FNDA:0,(anonymous_9)
FNDA:0,(anonymous_10)
FNDA:0,(anonymous_11)
FNDA:0,(anonymous_12)
FNDA:0,(anonymous_13)
FNDA:0,(anonymous_14)
DA:1,0
DA:16,0
DA:17,0
DA:27,0
DA:28,0
DA:29,0
DA:34,0
DA:39,0
DA:48,0
DA:49,0
DA:81,0
DA:87,0
DA:88,0
DA:89,0
DA:91,0
DA:102,0
DA:103,0
DA:113,0
DA:114,0
DA:126,0
DA:127,0
DA:144,0
DA:148,0
DA:160,0
DA:164,0
DA:197,0
DA:203,0
DA:225,0
DA:230,0
DA:270,0
DA:277,0
DA:283,0
DA:300,0
DA:307,0
DA:313,0
LF:35
LH:0
BRDA:88,0,0,0
BRDA:88,0,1,0
BRDA:89,1,0,0
BRDA:89,1,1,0
BRDA:49,2,0,0
BRDA:49,2,1,0
BRDA:49,3,0,0
BRDA:49,3,1,0
BRDA:162,4,0,0
BRDA:162,4,1,0
BRDA:162,5,0,0
BRDA:162,5,1,0
BRDA:228,6,0,0
BRDA:228,6,1,0
BRDA:228,7,0,0
BRDA:228,7,1,0
BRDA:274,8,0,0
BRDA:274,8,1,0
BRDA:274,9,0,0
BRDA:274,9,1,0
BRDA:274,9,2,0
BRDA:127,10,0,0
BRDA:127,10,1,0
BRDA:127,11,0,0
BRDA:127,11,1,0
BRF:25
BRH:0
end_of_record
TN:
SF:src/classes/classes.module.ts
FNF:0
FNH:0
DA:1,0
DA:2,0
DA:3,0
DA:4,0
DA:12,0
LF:5
LH:0
BRF:0
BRH:0
end_of_record
TN:
SF:src/classes/classes.service.ts
FN:30,(anonymous_4)
FN:36,(anonymous_5)
FN:126,(anonymous_6)
FN:156,(anonymous_7)
FN:181,(anonymous_8)
FN:190,(anonymous_9)
FN:222,(anonymous_10)
FN:249,(anonymous_11)
FN:275,(anonymous_12)
FN:280,(anonymous_13)
FN:293,(anonymous_14)
FN:295,(anonymous_15)
FN:323,(anonymous_16)
FN:338,(anonymous_17)
FN:390,(anonymous_18)
FN:437,(anonymous_19)
FN:502,(anonymous_20)
FN:573,(anonymous_21)
FN:597,(anonymous_22)
FN:606,(anonymous_23)
FN:607,(anonymous_24)
FN:611,(anonymous_25)
FN:618,(anonymous_26)
FNF:23
FNH:0
FNDA:0,(anonymous_4)
FNDA:0,(anonymous_5)
FNDA:0,(anonymous_6)
FNDA:0,(anonymous_7)
FNDA:0,(anonymous_8)
FNDA:0,(anonymous_9)
FNDA:0,(anonymous_10)
FNDA:0,(anonymous_11)
FNDA:0,(anonymous_12)
FNDA:0,(anonymous_13)
FNDA:0,(anonymous_14)
FNDA:0,(anonymous_15)
FNDA:0,(anonymous_16)
FNDA:0,(anonymous_17)
FNDA:0,(anonymous_18)
FNDA:0,(anonymous_19)
FNDA:0,(anonymous_20)
FNDA:0,(anonymous_21)
FNDA:0,(anonymous_22)
FNDA:0,(anonymous_23)
FNDA:0,(anonymous_24)
FNDA:0,(anonymous_25)
FNDA:0,(anonymous_26)
DA:1,0
DA:8,0
DA:9,0
DA:10,0
DA:15,0
DA:21,0
DA:29,0
DA:31,0
DA:33,0
DA:44,0
DA:45,0
DA:57,0
DA:62,0
DA:67,0
DA:73,0
DA:83,0
DA:84,0
DA:89,0
DA:102,0
DA:103,0
DA:108,0
DA:109,0
DA:116,0
DA:130,0
DA:135,0
DA:149,0
DA:157,0
DA:174,0
DA:175,0
DA:178,0
DA:182,0
DA:183,0
DA:196,0
DA:204,0
DA:205,0
DA:208,0
DA:223,0
DA:254,0
DA:261,0
DA:264,0
DA:272,0
DA:273,0
DA:275,0
DA:276,0
DA:277,0
DA:279,0
DA:280,0
DA:282,0
DA:284,0
DA:294,0
DA:295,0
DA:297,0
DA:308,0
DA:332,0
DA:338,0
DA:339,0
DA:347,0
DA:351,0
DA:376,0
DA:388,0
DA:390,0
DA:395,0
DA:402,0
DA:403,0
DA:414,0
DA:426,0
DA:443,0
DA:444,0
DA:447,0
DA:448,0
DA:454,0
DA:463,0
DA:464,0
DA:469,0
DA:470,0
DA:472,0
DA:479,0
DA:499,0
DA:508,0
DA:532,0
DA:538,0
DA:541,0
DA:546,0
DA:547,0
DA:548,0
DA:556,0
DA:570,0
DA:585,0
DA:604,0
DA:605,0
DA:606,0
DA:607,0
DA:608,0
DA:612,0
DA:619,0
DA:620,0
DA:624,0
DA:626,0
DA:627,0
DA:628,0
DA:629,0
DA:631,0
LF:102
LH:0
BRDA:44,0,0,0
BRDA:44,0,1,0
BRDA:57,1,0,0
BRDA:57,1,1,0
BRDA:58,2,0,0
BRDA:58,2,1,0
BRDA:58,2,2,0
BRDA:83,3,0,0
BRDA:83,3,1,0
BRDA:102,4,0,0
BRDA:102,4,1,0
BRDA:108,5,0,0
BRDA:108,5,1,0
BRDA:132,6,0,0
BRDA:132,6,1,0
BRDA:143,7,0,0
BRDA:143,7,1,0
BRDA:144,8,0,0
BRDA:144,8,1,0
BRDA:152,9,0,0
BRDA:152,9,1,0
BRDA:174,10,0,0
BRDA:174,10,1,0
BRDA:204,11,0,0
BRDA:204,11,1,0
BRDA:226,12,0,0
BRDA:226,12,1,0
BRDA:280,13,0,0
BRDA:280,13,1,0
BRDA:290,14,0,0
BRDA:290,14,1,0
BRDA:300,15,0,0
BRDA:300,15,1,0
BRDA:301,16,0,0
BRDA:301,16,1,0
BRDA:302,17,0,0
BRDA:302,17,1,0
BRDA:316,18,0,0
BRDA:316,18,1,0
BRDA:347,19,0,0
BRDA:347,19,1,0
BRDA:351,20,0,0
BRDA:351,20,1,0
BRDA:388,21,0,0
BRDA:388,21,1,0
BRDA:402,22,0,0
BRDA:402,22,1,0
BRDA:443,23,0,0
BRDA:443,23,1,0
BRDA:447,24,0,0
BRDA:447,24,1,0
BRDA:463,25,0,0
BRDA:463,25,1,0
BRDA:483,26,0,0
BRDA:483,26,1,0
BRDA:532,27,0,0
BRDA:532,27,1,0
BRDA:533,28,0,0
BRDA:533,28,1,0
BRDA:533,28,2,0
BRDA:533,28,3,0
BRDA:546,29,0,0
BRDA:546,29,1,0
BRDA:592,30,0,0
BRDA:592,30,1,0
BRDA:604,31,0,0
BRDA:604,31,1,0
BRDA:608,32,0,0
BRDA:608,32,1,0
BRDA:612,33,0,0
BRDA:612,33,1,0
BRDA:612,34,0,0
BRDA:612,34,1,0
BRDA:619,35,0,0
BRDA:619,35,1,0
BRDA:620,36,0,0
BRDA:620,36,1,0
BRDA:624,37,0,0
BRDA:624,37,1,0
BRDA:626,38,0,0
BRDA:626,38,1,0
BRDA:627,39,0,0
BRDA:627,39,1,0
BRDA:628,40,0,0
BRDA:628,40,1,0
BRDA:629,41,0,0
BRDA:629,41,1,0
BRDA:31,42,0,0
BRDA:31,42,1,0
BRDA:31,43,0,0
BRDA:31,43,1,0
BRF:91
BRH:0
end_of_record
TN:
SF:src/classes/dto/classes.dto.ts
FNF:0
FNH:0
DA:1,0
DA:9,0
DA:11,0
DA:14,0
DA:18,0
DA:21,0
DA:24,0
DA:28,0
DA:38,0
DA:45,0
DA:53,0
LF:11
LH:0
BRDA:45,0,0,0
BRDA:45,0,1,0
BRDA:45,1,0,0
BRDA:45,1,1,0
BRF:4
BRH:0
end_of_record
TN:
SF:src/classes/dto/index.ts
FNF:0
FNH:0
DA:1,0
LF:1
LH:0
BRF:0
BRH:0
end_of_record
TN:
SF:src/clubs/clubs.controller.ts
FN:48,(anonymous_4)
FN:78,(anonymous_5)
FN:111,(anonymous_6)
FN:119,(anonymous_7)
FN:134,(anonymous_8)
FN:150,(anonymous_9)
FN:167,(anonymous_10)
FN:178,(anonymous_11)
FN:197,(anonymous_12)
FN:217,(anonymous_13)
FN:239,(anonymous_14)
FN:257,(anonymous_15)
FN:283,(anonymous_16)
FN:291,(anonymous_17)
FN:304,(anonymous_18)
FNF:15
FNH:0
FNDA:0,(anonymous_4)
FNDA:0,(anonymous_5)
FNDA:0,(anonymous_6)
FNDA:0,(anonymous_7)
FNDA:0,(anonymous_8)
FNDA:0,(anonymous_9)
FNDA:0,(anonymous_10)
FNDA:0,(anonymous_11)
FNDA:0,(anonymous_12)
FNDA:0,(anonymous_13)
FNDA:0,(anonymous_14)
FNDA:0,(anonymous_15)
FNDA:0,(anonymous_16)
FNDA:0,(anonymous_17)
FNDA:0,(anonymous_18)
DA:1,0
DA:14,0
DA:22,0
DA:23,0
DA:31,0
DA:36,0
DA:41,0
DA:47,0
DA:48,0
DA:78,0
DA:88,0
DA:89,0
DA:90,0
DA:92,0
DA:111,0
DA:112,0
DA:119,0
DA:120,0
DA:134,0
DA:138,0
DA:150,0
DA:151,0
DA:167,0
DA:168,0
DA:178,0
DA:181,0
DA:197,0
DA:201,0
DA:217,0
DA:221,0
DA:239,0
DA:242,0
DA:257,0
DA:261,0
DA:262,0
DA:267,0
DA:282,0
DA:283,0
DA:291,0
DA:295,0
DA:304,0
DA:305,0
LF:42
LH:0
BRDA:89,0,0,0
BRDA:89,0,1,0
BRDA:90,1,0,0
BRDA:90,1,1,0
BRDA:98,2,0,0
BRDA:98,2,1,0
BRDA:98,3,0,0
BRDA:98,3,1,0
BRDA:261,4,0,0
BRDA:261,4,1,0
BRDA:261,5,0,0
BRDA:261,5,1,0
BRDA:119,6,0,0
BRDA:119,6,1,0
BRDA:119,7,0,0
BRDA:119,7,1,0
BRDA:136,8,0,0
BRDA:136,8,1,0
BRDA:136,9,0,0
BRDA:136,9,1,0
BRDA:199,10,0,0
BRDA:199,10,1,0
BRDA:199,11,0,0
BRDA:199,11,1,0
BRDA:219,12,0,0
BRDA:219,12,1,0
BRDA:219,13,0,0
BRDA:219,13,1,0
BRDA:259,14,0,0
BRDA:259,14,1,0
BRDA:259,15,0,0
BRDA:259,15,1,0
BRDA:48,16,0,0
BRDA:48,16,1,0
BRDA:48,17,0,0
BRDA:48,17,1,0
BRDA:293,18,0,0
BRDA:293,18,1,0
BRDA:293,19,0,0
BRDA:293,19,1,0
BRDA:283,20,0,0
BRDA:283,20,1,0
BRDA:283,21,0,0
BRDA:283,21,1,0
BRF:44
BRH:0
end_of_record
TN:
SF:src/clubs/clubs.module.ts
FNF:0
FNH:0
DA:1,0
DA:2,0
DA:3,0
DA:4,0
DA:5,0
DA:13,0
LF:6
LH:0
BRF:0
BRH:0
end_of_record
TN:
SF:src/clubs/clubs.service.ts
FN:34,(anonymous_4)
FN:44,(anonymous_5)
FN:87,(anonymous_6)
FN:107,(anonymous_7)
FN:122,(anonymous_8)
FN:134,(anonymous_9)
FN:147,(anonymous_10)
FN:156,(anonymous_11)
FN:165,(anonymous_12)
FN:187,(anonymous_13)
FN:209,(anonymous_14)
FN:237,(anonymous_15)
FN:252,(anonymous_16)
FN:285,(anonymous_17)
FN:319,(anonymous_18)
FN:335,(anonymous_19)
FN:351,(anonymous_20)
FN:385,(anonymous_21)
FNF:18
FNH:0
FNDA:0,(anonymous_4)
FNDA:0,(anonymous_5)
FNDA:0,(anonymous_6)
FNDA:0,(anonymous_7)
FNDA:0,(anonymous_8)
FNDA:0,(anonymous_9)
FNDA:0,(anonymous_10)
FNDA:0,(anonymous_11)
FNDA:0,(anonymous_12)
FNDA:0,(anonymous_13)
FNDA:0,(anonymous_14)
FNDA:0,(anonymous_15)
FNDA:0,(anonymous_16)
FNDA:0,(anonymous_17)
FNDA:0,(anonymous_18)
FNDA:0,(anonymous_19)
FNDA:0,(anonymous_20)
FNDA:0,(anonymous_21)
DA:1,0
DA:8,0
DA:18,0
DA:23,0
DA:30,0
DA:31,0
DA:32,0
DA:35,0
DA:37,0
DA:53,0
DA:62,0
DA:80,0
DA:88,0
DA:100,0
DA:101,0
DA:104,0
DA:108,0
DA:123,0
DA:125,0
DA:135,0
DA:137,0
DA:148,0
DA:149,0
DA:157,0
DA:161,0
DA:162,0
DA:166,0
DA:167,0
DA:170,0
DA:171,0
DA:173,0
DA:188,0
DA:189,0
DA:210,0
DA:236,0
DA:237,0
DA:253,0
DA:254,0
DA:259,0
DA:261,0
DA:263,0
DA:265,0
DA:276,0
DA:289,0
DA:293,0
DA:294,0
DA:297,0
DA:298,0
DA:301,0
DA:302,0
DA:305,0
DA:306,0
DA:309,0
DA:310,0
DA:313,0
DA:320,0
DA:336,0
DA:344,0
DA:345,0
DA:348,0
DA:354,0
DA:355,0
DA:358,0
DA:359,0
DA:362,0
DA:363,0
DA:364,0
DA:367,0
DA:376,0
DA:377,0
DA:382,0
DA:388,0
DA:390,0
DA:391,0
DA:399,0
DA:403,0
LF:76
LH:0
BRDA:54,0,0,0
BRDA:54,0,1,0
BRDA:55,1,0,0
BRDA:55,1,1,0
BRDA:58,2,0,0
BRDA:58,2,1,0
BRDA:59,3,0,0
BRDA:59,3,1,0
BRDA:74,4,0,0
BRDA:74,4,1,0
BRDA:75,5,0,0
BRDA:75,5,1,0
BRDA:83,6,0,0
BRDA:83,6,1,0
BRDA:100,7,0,0
BRDA:100,7,1,0
BRDA:116,8,0,0
BRDA:116,8,1,0
BRDA:161,9,0,0
BRDA:161,9,1,0
BRDA:170,10,0,0
BRDA:170,10,1,0
BRDA:170,11,0,0
BRDA:170,11,1,0
BRDA:177,12,0,0
BRDA:177,12,1,0
BRDA:178,13,0,0
BRDA:178,13,1,0
BRDA:179,14,0,0
BRDA:179,14,1,0
BRDA:180,15,0,0
BRDA:180,15,1,0
BRDA:193,16,0,0
BRDA:193,16,1,0
BRDA:196,17,0,0
BRDA:196,17,1,0
BRDA:239,18,0,0
BRDA:239,18,1,0
BRDA:243,19,0,0
BRDA:243,19,1,0
BRDA:253,20,0,0
BRDA:253,20,1,0
BRDA:261,21,0,0
BRDA:261,21,1,0
BRDA:263,22,0,0
BRDA:263,22,1,0
BRDA:293,23,0,0
BRDA:293,23,1,0
BRDA:293,24,0,0
BRDA:293,24,1,0
BRDA:297,25,0,0
BRDA:297,25,1,0
BRDA:301,26,0,0
BRDA:301,26,1,0
BRDA:305,27,0,0
BRDA:305,27,1,0
BRDA:309,28,0,0
BRDA:309,28,1,0
BRDA:344,29,0,0
BRDA:344,29,1,0
BRDA:354,30,0,0
BRDA:354,30,1,0
BRDA:358,31,0,0
BRDA:358,31,1,0
BRDA:363,32,0,0
BRDA:363,32,1,0
BRDA:376,33,0,0
BRDA:376,33,1,0
BRDA:388,34,0,0
BRDA:388,34,1,0
BRDA:35,35,0,0
BRDA:35,35,1,0
BRDA:35,36,0,0
BRDA:35,36,1,0
BRF:74
BRH:0
end_of_record
TN:
SF:src/clubs/dto/club.dto.ts
FNF:0
FNH:0
DA:1,0
DA:9,0
DA:11,0
DA:15,0
DA:20,0
DA:24,0
DA:28,0
DA:32,0
DA:37,0
DA:45,0
DA:48,0
DA:53,0
DA:58,0
DA:63,0
DA:68,0
DA:73,0
LF:16
LH:0
BRF:0
BRH:0
end_of_record
TN:
SF:src/clubs/dto/index.ts
FNF:0
FNH:0
DA:1,0
DA:2,0
DA:3,0
LF:3
LH:0
BRF:0
BRH:0
end_of_record
TN:
SF:src/clubs/dto/role-assignment.dto.ts
FN:29,(anonymous_2)
FN:41,(anonymous_3)
FN:47,(anonymous_4)
FN:75,(anonymous_5)
FN:81,(anonymous_6)
FNF:5
FNH:0
FNDA:0,(anonymous_2)
FNDA:0,(anonymous_3)
FNDA:0,(anonymous_4)
FNDA:0,(anonymous_5)
FNDA:0,(anonymous_6)
DA:1,0
DA:2,0
DA:3,0
DA:5,0
DA:8,0
DA:15,0
DA:23,0
DA:29,0
DA:31,0
DA:36,0
DA:41,0
DA:42,0
DA:47,0
DA:48,0
DA:51,0
DA:57,0
DA:65,0
DA:70,0
DA:75,0
DA:76,0
DA:81,0
DA:82,0
DA:87,0
LF:23
LH:0
BRDA:42,0,0,0
BRDA:42,0,1,0
BRDA:42,1,0,0
BRDA:42,1,1,0
BRDA:48,2,0,0
BRDA:48,2,1,0
BRDA:48,3,0,0
BRDA:48,3,1,0
BRDA:76,4,0,0
BRDA:76,4,1,0
BRDA:76,5,0,0
BRDA:76,5,1,0
BRDA:82,6,0,0
BRDA:82,6,1,0
BRDA:82,7,0,0
BRDA:82,7,1,0
BRF:16
BRH:0
end_of_record
TN:
SF:src/clubs/dto/section.dto.ts
FN:7,(anonymous_2)
FN:13,(anonymous_3)
FN:19,(anonymous_4)
FN:37,(anonymous_5)
FN:43,(anonymous_6)
FNF:5
FNH:0
FNDA:0,(anonymous_2)
FNDA:0,(anonymous_3)
FNDA:0,(anonymous_4)
FNDA:0,(anonymous_5)
FNDA:0,(anonymous_6)
DA:1,0
DA:2,0
DA:3,0
DA:5,0
DA:7,0
DA:9,0
DA:13,0
DA:15,0
DA:19,0
DA:21,0
DA:26,0
DA:31,0
DA:34,0
DA:37,0
DA:39,0
DA:43,0
DA:45,0
DA:50,0
DA:55,0
DA:60,0
LF:20
LH:0
BRF:0
BRH:0
end_of_record
TN:
SF:src/common/common.module.ts
FN:13,isPlaceholderRedisUrl
FN:14,(anonymous_2)
FN:27,(anonymous_3)
FN:50,(anonymous_4)
FN:60,(anonymous_5)
FN:66,(anonymous_6)
FN:83,(anonymous_7)
FNF:7
FNH:0
FNDA:0,isPlaceholderRedisUrl
FNDA:0,(anonymous_2)
FNDA:0,(anonymous_3)
FNDA:0,(anonymous_4)
FNDA:0,(anonymous_5)
FNDA:0,(anonymous_6)
FNDA:0,(anonymous_7)
DA:1,0
DA:2,0
DA:3,0
DA:4,0
DA:5,0
DA:6,0
DA:7,0
DA:8,0
DA:9,0
DA:10,0
DA:11,0
DA:14,0
DA:15,0
DA:28,0
DA:31,0
DA:32,0
DA:33,0
DA:38,0
DA:40,0
DA:42,0
DA:43,0
DA:44,0
DA:46,0
DA:50,0
DA:54,0
DA:55,0
DA:58,0
DA:60,0
DA:62,0
DA:63,0
DA:66,0
DA:67,0
DA:70,0
DA:72,0
DA:76,0
DA:77,0
DA:82,0
DA:83,0
DA:86,0
DA:87,0
DA:88,0
DA:97,0
DA:98,0
DA:134,0
LF:44
LH:0
BRDA:31,0,0,0
BRDA:31,0,1,0
BRDA:32,1,0,0
BRDA:32,1,1,0
BRDA:54,2,0,0
BRDA:54,2,1,0
BRDA:62,3,0,0
BRDA:62,3,1,0
BRDA:82,4,0,0
BRDA:82,4,1,0
BRDA:86,5,0,0
BRDA:86,5,1,0
BRF:12
BRH:0
end_of_record
TN:
SF:src/common/supabase.service.ts
FN:10,(anonymous_2)
FN:33,(anonymous_3)
FN:37,(anonymous_4)
FNF:3
FNH:0
FNDA:0,(anonymous_2)
FNDA:0,(anonymous_3)
FNDA:0,(anonymous_4)
DA:1,0
DA:2,0
DA:3,0
DA:6,0
DA:10,0
DA:11,0
DA:12,0
DA:15,0
DA:17,0
DA:25,0
DA:34,0
DA:38,0
LF:12
LH:0
BRDA:10,0,0,0
BRDA:10,0,1,0
BRDA:10,1,0,0
BRDA:10,1,1,0
BRF:4
BRH:0
end_of_record
TN:
SF:src/common/decorators/authorization-resource.decorator.ts
FN:28,AuthorizationResource
FNF:1
FNH:0
FNDA:0,AuthorizationResource
DA:1,0
DA:3,0
DA:28,0
DA:31,0
LF:4
LH:0
BRF:0
BRH:0
end_of_record
TN:
SF:src/common/decorators/club-roles.decorator.ts
FN:14,(anonymous_0)
FNF:1
FNH:0
FNDA:0,(anonymous_0)
DA:1,0
DA:2,0
DA:14,0
DA:15,0
LF:4
LH:0
BRF:0
BRH:0
end_of_record
TN:
SF:src/common/decorators/current-user.decorator.ts
FN:4,(anonymous_0)
FNF:1
FNH:0
FNDA:0,(anonymous_0)
DA:1,0
DA:3,0
DA:5,0
DA:6,0
LF:4
LH:0
BRF:0
BRH:0
end_of_record
TN:
SF:src/common/decorators/get-user.decorator.ts
FN:4,(anonymous_0)
FNF:1
FNH:0
FNDA:0,(anonymous_0)
DA:1,0
DA:3,0
DA:5,0
DA:6,0
DA:8,0
DA:9,0
DA:12,0
LF:7
LH:0
BRDA:8,0,0,0
BRDA:8,0,1,0
BRDA:12,1,0,0
BRDA:12,1,1,0
BRF:4
BRH:0
end_of_record
TN:
SF:src/common/decorators/global-roles.decorator.ts
FN:23,(anonymous_0)
FNF:1
FNH:0
FNDA:0,(anonymous_0)
DA:1,0
DA:3,0
DA:23,0
DA:24,0
LF:4
LH:0
BRF:0
BRH:0
end_of_record
TN:
SF:src/common/decorators/index.ts
FNF:0
FNH:0
DA:1,0
DA:2,0
DA:3,0
DA:4,0
DA:5,0
DA:6,0
LF:6
LH:0
BRF:0
BRH:0
end_of_record
TN:
SF:src/common/decorators/permissions.decorator.ts
FN:18,RequirePermissions
FNF:1
FNH:0
FNDA:0,RequirePermissions
DA:1,0
DA:3,0
DA:18,0
DA:22,0
DA:29,0
LF:5
LH:0
BRDA:22,0,0,0
BRDA:22,0,1,0
BRDA:22,1,0,0
BRDA:22,1,1,0
BRF:4
BRH:0
end_of_record
TN:
SF:src/common/decorators/sensitive-user-subresource.decorator.ts
FN:17,SensitiveUserSubresource
FNF:1
FNH:0
FNDA:0,SensitiveUserSubresource
DA:1,0
DA:2,0
DA:3,0
DA:4,0
DA:10,0
DA:17,0
DA:24,0
DA:26,0
LF:8
LH:0
BRDA:31,0,0,0
BRDA:31,0,1,0
BRF:2
BRH:0
end_of_record
TN:
SF:src/common/dto/index.ts
FNF:0
FNH:0
DA:1,0
LF:1
LH:0
BRF:0
BRH:0
end_of_record
TN:
SF:src/common/dto/pagination.dto.ts
FN:30,(anonymous_2)
FN:34,(anonymous_3)
FN:14,(anonymous_4)
FN:27,(anonymous_5)
FN:51,createPaginatedResult
FNF:5
FNH:0
FNDA:0,(anonymous_2)
FNDA:0,(anonymous_3)
FNDA:0,(anonymous_4)
FNDA:0,(anonymous_5)
FNDA:0,createPaginatedResult
DA:1,0
DA:2,0
DA:3,0
DA:5,0
DA:14,0
DA:15,0
DA:27,0
DA:28,0
DA:31,0
DA:35,0
DA:51,0
DA:56,0
DA:57,0
DA:58,0
DA:60,0
LF:15
LH:0
BRDA:31,0,0,0
BRDA:31,0,1,0
BRDA:31,1,0,0
BRDA:31,1,1,0
BRDA:35,2,0,0
BRDA:35,2,1,0
BRDA:56,3,0,0
BRDA:56,3,1,0
BRDA:57,4,0,0
BRDA:57,4,1,0
BRF:10
BRH:0
end_of_record
TN:
SF:src/common/filters/all-exceptions.filter.ts
FN:19,(anonymous_1)
FNF:1
FNH:0
FNDA:0,(anonymous_1)
DA:1,0
DA:16,0
DA:17,0
DA:20,0
DA:21,0
DA:22,0
DA:25,0
DA:26,0
DA:29,0
DA:38,0
LF:10
LH:0
BRDA:25,0,0,0
BRDA:25,0,1,0
BRDA:26,1,0,0
BRDA:26,1,1,0
BRDA:34,2,0,0
BRDA:34,2,1,0
BRDA:42,3,0,0
BRDA:42,3,1,0
BRF:8
BRH:0
end_of_record
TN:
SF:src/common/filters/http-exception.filter.ts
FN:20,(anonymous_1)
FN:80,(anonymous_2)
FN:91,(anonymous_3)
FN:98,(anonymous_4)
FN:100,(anonymous_5)
FN:121,(anonymous_6)
FNF:6
FNH:0
FNDA:0,(anonymous_1)
FNDA:0,(anonymous_2)
FNDA:0,(anonymous_3)
FNDA:0,(anonymous_4)
FNDA:0,(anonymous_5)
FNDA:0,(anonymous_6)
DA:1,0
DA:17,0
DA:18,0
DA:21,0
DA:22,0
DA:23,0
DA:24,0
DA:25,0
DA:27,0
DA:46,0
DA:47,0
DA:49,0
DA:53,0
DA:54,0
DA:66,0
DA:81,0
DA:82,0
DA:84,0
DA:85,0
DA:86,0
DA:88,0
DA:92,0
DA:93,0
DA:95,0
DA:99,0
DA:100,0
DA:103,0
DA:104,0
DA:107,0
DA:108,0
DA:110,0
DA:111,0
DA:112,0
DA:114,0
DA:118,0
DA:122,0
DA:123,0
DA:126,0
DA:127,0
LF:39
LH:0
BRDA:35,0,0,0
BRDA:35,0,1,0
BRDA:39,1,0,0
BRDA:39,1,1,0
BRDA:39,2,0,0
BRDA:39,2,1,0
BRDA:46,3,0,0
BRDA:46,3,1,0
BRDA:53,4,0,0
BRDA:53,4,1,0
BRDA:58,5,0,0
BRDA:58,5,1,0
BRDA:71,6,0,0
BRDA:71,6,1,0
BRDA:81,7,0,0
BRDA:81,7,1,0
BRDA:84,8,0,0
BRDA:84,8,1,0
BRDA:84,9,0,0
BRDA:84,9,1,0
BRDA:86,10,0,0
BRDA:86,10,1,0
BRDA:92,11,0,0
BRDA:92,11,1,0
BRDA:92,12,0,0
BRDA:92,12,1,0
BRDA:93,13,0,0
BRDA:93,13,1,0
BRDA:99,14,0,0
BRDA:99,14,1,0
BRDA:103,15,0,0
BRDA:103,15,1,0
BRDA:103,16,0,0
BRDA:103,16,1,0
BRDA:111,17,0,0
BRDA:111,17,1,0
BRDA:111,18,0,0
BRDA:111,18,1,0
BRDA:123,19,0,0
BRDA:123,19,1,0
BRDA:123,20,0,0
BRDA:123,20,1,0
BRDA:126,21,0,0
BRDA:126,21,1,0
BRDA:126,22,0,0
BRDA:126,22,1,0
BRF:46
BRH:0
end_of_record
TN:
SF:src/common/guards/club-roles.guard.ts
FN:29,normalizeClubRoleName
FN:36,(anonymous_3)
FN:41,(anonymous_4)
FN:82,(anonymous_5)
FN:93,(anonymous_6)
FNF:5
FNH:0
FNDA:0,normalizeClubRoleName
FNDA:0,(anonymous_3)
FNDA:0,(anonymous_4)
FNDA:0,(anonymous_5)
FNDA:0,(anonymous_6)
DA:1,0
DA:7,0
DA:8,0
DA:10,0
DA:22,0
DA:30,0
DA:31,0
DA:35,0
DA:37,0
DA:38,0
DA:42,0
DA:48,0
DA:49,0
DA:52,0
DA:53,0
DA:55,0
DA:56,0
DA:60,0
DA:62,0
DA:63,0
DA:66,0
DA:67,0
DA:70,0
DA:73,0
DA:75,0
DA:76,0
DA:81,0
DA:82,0
DA:85,0
DA:86,0
DA:91,0
DA:95,0
DA:96,0
DA:100,0
DA:101,0
DA:105,0
DA:106,0
DA:109,0
LF:38
LH:0
BRDA:31,0,0,0
BRDA:31,0,1,0
BRDA:48,1,0,0
BRDA:48,1,1,0
BRDA:48,2,0,0
BRDA:48,2,1,0
BRDA:55,3,0,0
BRDA:55,3,1,0
BRDA:55,4,0,0
BRDA:55,4,1,0
BRDA:62,5,0,0
BRDA:62,5,1,0
BRDA:66,6,0,0
BRDA:66,6,1,0
BRDA:75,7,0,0
BRDA:75,7,1,0
BRDA:75,8,0,0
BRDA:75,8,1,0
BRDA:85,9,0,0
BRDA:85,9,1,0
BRDA:95,10,0,0
BRDA:95,10,1,0
BRDA:100,11,0,0
BRDA:100,11,1,0
BRDA:105,12,0,0
BRDA:105,12,1,0
BRDA:37,13,0,0
BRDA:37,13,1,0
BRDA:37,14,0,0
BRDA:37,14,1,0
BRDA:37,15,0,0
BRDA:37,15,1,0
BRDA:37,16,0,0
BRDA:37,16,1,0
BRF:34
BRH:0
end_of_record
TN:
SF:src/common/guards/global-roles.guard.ts
FN:25,(anonymous_2)
FN:30,(anonymous_3)
FN:52,(anonymous_4)
FNF:3
FNH:0
FNDA:0,(anonymous_2)
FNDA:0,(anonymous_3)
FNDA:0,(anonymous_4)
DA:1,0
DA:7,0
DA:8,0
DA:9,0
DA:14,0
DA:24,0
DA:26,0
DA:27,0
DA:31,0
DA:37,0
DA:38,0
DA:41,0
DA:42,0
DA:44,0
DA:45,0
DA:49,0
DA:52,0
DA:56,0
DA:61,0
DA:62,0
DA:67,0
LF:21
LH:0
BRDA:37,0,0,0
BRDA:37,0,1,0
BRDA:37,1,0,0
BRDA:37,1,1,0
BRDA:44,2,0,0
BRDA:44,2,1,0
BRDA:44,3,0,0
BRDA:44,3,1,0
BRDA:52,4,0,0
BRDA:52,4,1,0
BRDA:61,5,0,0
BRDA:61,5,1,0
BRDA:26,6,0,0
BRDA:26,6,1,0
BRDA:26,7,0,0
BRDA:26,7,1,0
BRDA:26,8,0,0
BRDA:26,8,1,0
BRDA:26,9,0,0
BRDA:26,9,1,0
BRF:20
BRH:0
end_of_record
TN:
SF:src/common/guards/index.ts
FNF:0
FNH:0
DA:1,0
DA:2,0
DA:3,0
DA:4,0
DA:5,0
DA:6,0
DA:7,0
LF:7
LH:0
BRF:0
BRH:0
end_of_record
TN:
SF:src/common/guards/ip-whitelist.guard.ts
FN:13,(anonymous_2)
FN:13,(anonymous_3)
FN:27,(anonymous_4)
FN:32,(anonymous_5)
FN:33,(anonymous_6)
FN:45,(anonymous_7)
FN:75,(anonymous_8)
FN:93,(anonymous_9)
FN:102,(anonymous_10)
FN:111,(anonymous_11)
FN:123,(anonymous_12)
FN:127,(anonymous_13)
FNF:12
FNH:0
FNDA:0,(anonymous_2)
FNDA:0,(anonymous_3)
FNDA:0,(anonymous_4)
FNDA:0,(anonymous_5)
FNDA:0,(anonymous_6)
FNDA:0,(anonymous_7)
FNDA:0,(anonymous_8)
FNDA:0,(anonymous_9)
FNDA:0,(anonymous_10)
FNDA:0,(anonymous_11)
FNDA:0,(anonymous_12)
FNDA:0,(anonymous_13)
DA:1,0
DA:8,0
DA:11,0
DA:12,0
DA:13,0
DA:14,0
DA:15,0
DA:23,0
DA:24,0
DA:27,0
DA:29,0
DA:30,0
DA:32,0
DA:33,0
DA:36,0
DA:37,0
DA:40,0
DA:47,0
DA:52,0
DA:53,0
DA:56,0
DA:57,0
DA:60,0
DA:62,0
DA:63,0
DA:66,0
DA:71,0
DA:72,0
DA:77,0
DA:78,0
DA:79,0
DA:82,0
DA:85,0
DA:86,0
DA:87,0
DA:90,0
DA:95,0
DA:96,0
DA:100,0
DA:102,0
DA:104,0
DA:105,0
DA:107,0
DA:112,0
DA:113,0
DA:115,0
DA:116,0
DA:118,0
DA:120,0
DA:124,0
DA:125,0
DA:127,0
DA:128,0
DA:129,0
DA:130,0
LF:55
LH:0
BRDA:14,0,0,0
BRDA:14,0,1,0
BRDA:15,1,0,0
BRDA:15,1,1,0
BRDA:29,2,0,0
BRDA:29,2,1,0
BRDA:36,3,0,0
BRDA:36,3,1,0
BRDA:52,4,0,0
BRDA:52,4,1,0
BRDA:62,5,0,0
BRDA:62,5,1,0
BRDA:78,6,0,0
BRDA:78,6,1,0
BRDA:79,7,0,0
BRDA:79,7,1,0
BRDA:86,8,0,0
BRDA:86,8,1,0
BRDA:87,9,0,0
BRDA:87,9,1,0
BRDA:90,10,0,0
BRDA:90,10,1,0
BRDA:90,10,2,0
BRDA:95,11,0,0
BRDA:95,11,1,0
BRDA:104,12,0,0
BRDA:104,12,1,0
BRDA:107,13,0,0
BRDA:107,13,1,0
BRDA:118,14,0,0
BRDA:118,14,1,0
BRDA:118,15,0,0
BRDA:118,15,1,0
BRDA:125,16,0,0
BRDA:125,16,1,0
BRDA:129,17,0,0
BRDA:129,17,1,0
BRDA:129,18,0,0
BRDA:129,18,1,0
BRDA:129,18,2,0
BRDA:27,19,0,0
BRDA:27,19,1,0
BRDA:27,20,0,0
BRDA:27,20,1,0
BRF:44
BRH:0
end_of_record
TN:
SF:src/common/guards/jwt-auth.guard.ts
FN:14,(anonymous_1)
FN:18,(anonymous_2)
FN:38,(anonymous_3)
FNF:3
FNH:0
FNDA:0,(anonymous_1)
FNDA:0,(anonymous_2)
FNDA:0,(anonymous_3)
DA:1,0
DA:7,0
DA:11,0
DA:12,0
DA:15,0
DA:19,0
DA:20,0
DA:21,0
DA:23,0
DA:32,0
DA:35,0
DA:40,0
DA:44,0
DA:46,0
DA:47,0
DA:48,0
DA:49,0
DA:53,0
DA:55,0
DA:57,0
LF:20
LH:0
BRDA:19,0,0,0
BRDA:19,0,1,0
BRDA:19,1,0,0
BRDA:19,1,1,0
BRDA:40,2,0,0
BRDA:40,2,1,0
BRDA:40,2,2,0
BRDA:40,2,3,0
BRDA:46,3,0,0
BRDA:46,3,1,0
BRDA:47,4,0,0
BRDA:47,4,1,0
BRDA:48,5,0,0
BRDA:48,5,1,0
BRDA:49,6,0,0
BRDA:49,6,1,0
BRDA:50,7,0,0
BRDA:50,7,1,0
BRDA:55,8,0,0
BRDA:55,8,1,0
BRF:20
BRH:0
end_of_record
TN:
SF:src/common/guards/optional-jwt-auth.guard.ts
FN:11,(anonymous_1)
FN:15,(anonymous_2)
FNF:2
FNH:0
FNDA:0,(anonymous_1)
FNDA:0,(anonymous_2)
DA:1,0
DA:2,0
DA:10,0
DA:12,0
DA:22,0
DA:23,0
DA:26,0
LF:7
LH:0
BRDA:22,0,0,0
BRDA:22,0,1,0
BRDA:22,1,0,0
BRDA:22,1,1,0
BRF:4
BRH:0
end_of_record
TN:
SF:src/common/guards/owner-or-admin.guard.ts
FN:16,(anonymous_2)
FN:20,(anonymous_3)
FNF:2
FNH:0
FNDA:0,(anonymous_2)
FNDA:0,(anonymous_3)
DA:1,0
DA:7,0
DA:15,0
DA:17,0
DA:21,0
DA:22,0
DA:24,0
DA:25,0
DA:29,0
DA:31,0
DA:32,0
DA:36,0
DA:37,0
DA:41,0
DA:48,0
DA:49,0
DA:52,0
LF:17
LH:0
BRDA:24,0,0,0
BRDA:24,0,1,0
BRDA:24,1,0,0
BRDA:24,1,1,0
BRDA:31,2,0,0
BRDA:31,2,1,0
BRDA:36,3,0,0
BRDA:36,3,1,0
BRDA:48,4,0,0
BRDA:48,4,1,0
BRDA:17,5,0,0
BRDA:17,5,1,0
BRDA:17,6,0,0
BRDA:17,6,1,0
BRF:14
BRH:0
end_of_record
TN:
SF:src/common/guards/permissions.guard.ts
FN:44,(anonymous_2)
FN:50,(anonymous_3)
FN:150,(anonymous_4)
FN:173,(anonymous_5)
FN:178,(anonymous_6)
FN:183,(anonymous_7)
FN:188,(anonymous_8)
FN:208,(anonymous_9)
FN:213,(anonymous_10)
FN:218,(anonymous_11)
FN:229,(anonymous_12)
FN:235,(anonymous_13)
FN:246,(anonymous_14)
FN:272,(anonymous_15)
FN:301,(anonymous_16)
FN:307,(anonymous_17)
FN:352,(anonymous_18)
FN:366,(anonymous_19)
FN:375,(anonymous_20)
FN:405,(anonymous_21)
FN:442,(anonymous_22)
FN:472,(anonymous_23)
FN:493,(anonymous_24)
[...]
FNDA:0,(anonymous_15)
FNDA:0,(anonymous_16)
FNDA:0,(anonymous_17)
DA:1,0
DA:8,0
DA:9,0
DA:10,0
DA:21,0
DA:22,0
DA:25,0
DA:26,0
DA:27,0
DA:34,0
DA:38,0
DA:39,0
DA:42,0
DA:43,0
DA:44,0
DA:45,0
DA:46,0
DA:47,0
DA:48,0
DA:51,0
DA:65,0
DA:66,0
DA:69,0
DA:80,0
DA:85,0
DA:94,0
DA:96,0
DA:101,0
DA:102,0
DA:107,0
DA:112,0
DA:114,0
DA:124,0
DA:136,0
DA:138,0
DA:147,0
DA:148,0
DA:151,0
DA:152,0
DA:158,0
DA:165,0
DA:166,0
DA:173,0
DA:175,0
DA:176,0
DA:177,0
DA:179,0
DA:185,0
DA:190,0
DA:192,0
DA:202,0
DA:215,0
DA:216,0
DA:217,0
DA:218,0
DA:219,0
DA:220,0
DA:222,0
DA:223,0
DA:225,0
DA:234,0
DA:243,0
DA:255,0
DA:261,0
DA:270,0
DA:274,0
DA:284,0
DA:285,0
DA:288,0
DA:294,0
DA:306,0
DA:317,0
DA:318,0
DA:323,0
DA:329,0
DA:339,0
DA:340,0
DA:345,0
DA:352,0
DA:356,0
DA:357,0
DA:365,0
DA:373,0
DA:374,0
DA:389,0
DA:397,0
DA:401,0
DA:402,0
DA:406,0
DA:418,0
DA:421,0
DA:422,0
DA:434,0
DA:435,0
DA:438,0
DA:442,0
DA:443,0
DA:448,0
DA:452,0
DA:474,0
DA:482,0
DA:490,0
DA:491,0
DA:492,0
DA:502,0
DA:505,0
DA:506,0
DA:514,0
DA:515,0
DA:518,0
DA:525,0
DA:526,0
DA:534,0
DA:543,0
DA:554,0
DA:555,0
DA:558,0
LF:117
LH:0
BRDA:32,0,0,0
BRDA:38,1,0,0
BRDA:38,1,1,0
BRDA:43,2,0,0
BRDA:43,2,1,0
BRDA:45,3,0,0
BRDA:45,3,1,0
BRDA:47,4,0,0
BRDA:47,4,1,0
BRDA:65,5,0,0
BRDA:65,5,1,0
BRDA:92,6,0,0
BRDA:101,7,0,0
BRDA:101,7,1,0
BRDA:114,8,0,0
BRDA:114,8,1,0
BRDA:134,9,0,0
BRDA:147,10,0,0
BRDA:147,10,1,0
BRDA:151,11,0,0
BRDA:151,11,1,0
BRDA:151,12,0,0
BRDA:151,12,1,0
BRDA:151,12,2,0
BRDA:165,13,0,0
BRDA:165,13,1,0
BRDA:175,14,0,0
BRDA:175,14,1,0
BRDA:192,15,0,0
BRDA:192,15,1,0
BRDA:213,16,0,0
BRDA:284,17,0,0
BRDA:284,17,1,0
BRDA:317,18,0,0
BRDA:317,18,1,0
BRDA:339,19,0,0
BRDA:339,19,1,0
BRDA:356,20,0,0
BRDA:356,20,1,0
BRDA:373,21,0,0
BRDA:373,21,1,0
BRDA:373,22,0,0
BRDA:373,22,1,0
BRDA:401,23,0,0
BRDA:401,23,1,0
BRDA:402,24,0,0
BRDA:402,24,1,0
BRDA:403,25,0,0
BRDA:403,25,1,0
BRDA:434,26,0,0
BRDA:434,26,1,0
BRDA:442,27,0,0
BRDA:442,27,1,0
BRDA:448,28,0,0
BRDA:448,28,1,0
BRDA:449,29,0,0
BRDA:449,29,1,0
BRDA:490,30,0,0
BRDA:490,30,1,0
BRDA:491,31,0,0
BRDA:491,31,1,0
BRDA:514,32,0,0
BRDA:514,32,1,0
BRDA:525,33,0,0
BRDA:525,33,1,0
BRDA:535,34,0,0
BRDA:535,34,1,0
BRDA:535,34,2,0
BRDA:535,34,3,0
BRDA:554,35,0,0
BRDA:554,35,1,0
BRDA:554,36,0,0
BRDA:554,36,1,0
BRDA:25,37,0,0
BRDA:25,37,1,0
BRDA:25,38,0,0
BRDA:25,38,1,0
BRDA:25,39,0,0
BRDA:25,39,1,0
BRDA:25,40,0,0
BRDA:25,40,1,0
BRDA:26,41,0,0
BRDA:26,41,1,0
BRDA:26,42,0,0
BRDA:26,42,1,0
BRF:85
BRH:0
end_of_record
TN:
SF:src/post-registration/dto/complete-club-selection.dto.ts
FNF:0
FNH:0
DA:1,0
DA:2,0
DA:4,0
DA:7,0
DA:11,0
DA:15,0
DA:22,0
DA:29,0
LF:8
LH:0
BRF:0
BRH:0
end_of_record
TN:
SF:src/prisma/prisma.module.ts
FNF:0
FNH:0
DA:1,0
DA:2,0
DA:9,0
LF:3
LH:0
BRF:0
BRH:0
end_of_record
TN:
SF:src/prisma/prisma.service.ts
FN:19,(anonymous_2)
FN:28,(anonymous_3)
FN:32,(anonymous_4)
FNF:3
FNH:0
FNDA:0,(anonymous_2)
FNDA:0,(anonymous_3)
FNDA:0,(anonymous_4)
DA:1,0
DA:7,0
DA:8,0
DA:9,0
DA:10,0
DA:13,0
DA:19,0
DA:20,0
DA:21,0
DA:22,0
DA:24,0
DA:25,0
DA:29,0
DA:33,0
DA:34,0
LF:15
LH:0
BRDA:19,0,0,0
BRDA:19,0,1,0
BRDA:19,1,0,0
BRDA:19,1,1,0
BRF:4
BRH:0
end_of_record
TN:
SF:src/rbac/rbac.controller.ts
FN:31,(anonymous_4)
FN:39,(anonymous_5)
FN:48,(anonymous_6)
FN:57,(anonymous_7)
FN:66,(anonymous_8)
FN:78,(anonymous_9)
FN:88,(anonymous_10)
FN:97,(anonymous_11)
FN:108,(anonymous_12)
FN:119,(anonymous_13)
FN:130,(anonymous_14)
FN:143,(anonymous_15)
FN:152,(anonymous_16)
FN:164,(anonymous_17)
FNF:14
FNH:0
FNDA:0,(anonymous_4)
FNDA:0,(anonymous_5)
FNDA:0,(anonymous_6)
FNDA:0,(anonymous_7)
FNDA:0,(anonymous_8)
FNDA:0,(anonymous_9)
FNDA:0,(anonymous_10)
FNDA:0,(anonymous_11)
FNDA:0,(anonymous_12)
FNDA:0,(anonymous_13)
FNDA:0,(anonymous_14)
FNDA:0,(anonymous_15)
FNDA:0,(anonymous_16)
FNDA:0,(anonymous_17)
DA:1,0
DA:13,0
DA:19,0
DA:20,0
DA:21,0
DA:22,0
DA:23,0
DA:24,0
DA:30,0
DA:31,0
DA:39,0
DA:40,0
DA:41,0
DA:48,0
DA:49,0
DA:50,0
DA:57,0
DA:58,0
DA:59,0
DA:66,0
DA:70,0
DA:71,0
DA:78,0
DA:79,0
DA:88,0
DA:89,0
DA:90,0
DA:97,0
DA:98,0
DA:99,0
DA:108,0
DA:112,0
DA:119,0
DA:123,0
DA:130,0
DA:134,0
DA:143,0
DA:144,0
DA:145,0
DA:152,0
DA:156,0
DA:157,0
DA:164,0
DA:168,0
LF:44
LH:0
BRDA:57,0,0,0
BRDA:57,0,1,0
BRDA:57,1,0,0
BRDA:57,1,1,0
BRDA:68,2,0,0
BRDA:68,2,1,0
BRDA:68,3,0,0
BRDA:68,3,1,0
BRDA:110,4,0,0
BRDA:110,4,1,0
BRDA:110,5,0,0
BRDA:110,5,1,0
BRDA:121,6,0,0
BRDA:121,6,1,0
BRDA:121,7,0,0
BRDA:121,7,1,0
BRDA:154,8,0,0
BRDA:154,8,1,0
BRDA:154,9,0,0
BRDA:154,9,1,0
BRDA:31,10,0,0
BRDA:31,10,1,0
BRDA:31,11,0,0
BRDA:31,11,1,0
BRF:24
BRH:0
end_of_record
TN:
SF:src/rbac/rbac.module.ts
FNF:0
FNH:0
DA:1,0
DA:2,0
DA:3,0
DA:4,0
DA:12,0
LF:5
LH:0
BRF:0
BRH:0
end_of_record
TN:
SF:src/rbac/rbac.service.ts
FN:15,(anonymous_2)
FN:19,(anonymous_3)
FN:25,(anonymous_4)
FN:37,(anonymous_5)
FN:59,(anonymous_6)
FN:93,(anonymous_7)
FN:107,(anonymous_8)
FN:128,(anonymous_9)
FN:156,(anonymous_10)
FN:171,(anonymous_11)
FN:172,(anonymous_12)
FN:180,(anonymous_13)
FN:204,(anonymous_14)
FN:205,(anonymous_15)
FN:219,(anonymous_16)
FN:240,(anonymous_17)
FN:257,(anonymous_18)
FN:288,(anonymous_19)
FN:310,(anonymous_20)
FN:324,(anonymous_21)
FN:328,(anonymous_22)
FN:331,(anonymous_23)
FN:338,(anonymous_24)
FNF:23
FNH:0
FNDA:0,(anonymous_2)
FNDA:0,(anonymous_3)
FNDA:0,(anonymous_4)
FNDA:0,(anonymous_5)
FNDA:0,(anonymous_6)
FNDA:0,(anonymous_7)
FNDA:0,(anonymous_8)
FNDA:0,(anonymous_9)
FNDA:0,(anonymous_10)
FNDA:0,(anonymous_11)
FNDA:0,(anonymous_12)
FNDA:0,(anonymous_13)
FNDA:0,(anonymous_14)
FNDA:0,(anonymous_15)
FNDA:0,(anonymous_16)
FNDA:0,(anonymous_17)
FNDA:0,(anonymous_18)
FNDA:0,(anonymous_19)
FNDA:0,(anonymous_20)
FNDA:0,(anonymous_21)
FNDA:0,(anonymous_22)
FNDA:0,(anonymous_23)
FNDA:0,(anonymous_24)
DA:1,0
DA:7,0
DA:12,0
DA:13,0
DA:15,0
DA:20,0
DA:26,0
DA:30,0
DA:31,0
DA:34,0
DA:38,0
DA:42,0
DA:43,0
DA:48,0
DA:55,0
DA:56,0
DA:60,0
DA:62,0
DA:63,0
DA:70,0
DA:71,0
DA:77,0
DA:89,0
DA:90,0
DA:94,0
DA:96,0
DA:101,0
DA:102,0
DA:108,0
DA:129,0
DA:147,0
DA:148,0
DA:151,0
DA:157,0
DA:161,0
DA:162,0
DA:166,0
DA:170,0
DA:171,0
DA:172,0
DA:173,0
DA:179,0
DA:181,0
DA:185,0
DA:187,0
DA:188,0
DA:192,0
DA:194,0
DA:197,0
DA:200,0
DA:204,0
DA:205,0
DA:207,0
DA:211,0
DA:220,0
DA:224,0
DA:225,0
DA:228,0
DA:233,0
DA:235,0
DA:241,0
DA:258,0
DA:262,0
DA:263,0
DA:264,0
DA:268,0
DA:271,0
DA:273,0
DA:278,0
DA:282,0
DA:285,0
DA:289,0
DA:293,0
DA:294,0
DA:299,0
DA:304,0
DA:307,0
DA:311,0
DA:315,0
DA:316,0
DA:320,0
DA:324,0
DA:325,0
DA:328,0
DA:331,0
DA:334,0
DA:335,0
DA:338,0
DA:346,0
DA:347,0
DA:350,0
DA:354,0
LF:92
LH:0
BRDA:30,0,0,0
BRDA:30,0,1,0
BRDA:42,1,0,0
BRDA:42,1,1,0
BRDA:51,2,0,0
BRDA:51,2,1,0
BRDA:62,3,0,0
BRDA:62,3,1,0
BRDA:70,4,0,0
BRDA:70,4,1,0
BRDA:80,5,0,0
BRDA:80,5,1,0
BRDA:83,6,0,0
BRDA:83,6,1,0
BRDA:84,7,0,0
BRDA:84,7,1,0
BRDA:147,8,0,0
BRDA:147,8,1,0
BRDA:161,9,0,0
BRDA:161,9,1,0
BRDA:170,10,0,0
BRDA:170,10,1,0
BRDA:185,11,0,0
BRDA:185,11,1,0
BRDA:187,12,0,0
BRDA:187,12,1,0
BRDA:224,13,0,0
BRDA:224,13,1,0
BRDA:262,14,0,0
BRDA:262,14,1,0
BRDA:263,15,0,0
BRDA:263,15,1,0
BRDA:293,16,0,0
BRDA:293,16,1,0
BRDA:315,17,0,0
BRDA:315,17,1,0
BRDA:334,18,0,0
BRDA:334,18,1,0
BRDA:346,19,0,0
BRDA:346,19,1,0
BRDA:15,20,0,0
BRDA:15,20,1,0
BRDA:15,21,0,0
BRDA:15,21,1,0
BRF:44
BRH:0
end_of_record
TN:
SF:src/rbac/dto/assign-permissions.dto.ts
FNF:0
FNH:0
DA:1,0
DA:2,0
DA:4,0
DA:12,0
LF:4
LH:0
BRF:0
BRH:0
end_of_record
TN:
SF:src/rbac/dto/create-permission.dto.ts
FNF:0
FNH:0
DA:1,0
DA:8,0
DA:10,0
DA:22,0
DA:27,0
LF:5
LH:0
BRF:0
BRH:0
end_of_record
TN:
SF:src/rbac/dto/update-permission.dto.ts
FNF:0
FNH:0
DA:1,0
DA:8,0
DA:10,0
DA:19,0
DA:24,0
DA:29,0
LF:6
LH:0
BRF:0
BRH:0
end_of_record
TN:
SF:src/units/units.controller.ts
FN:41,(anonymous_4)
FN:54,(anonymous_5)
FN:67,(anonymous_6)
FN:82,(anonymous_7)
FN:97,(anonymous_8)
FN:113,(anonymous_9)
FN:133,(anonymous_10)
FN:150,(anonymous_11)
FN:173,(anonymous_12)
FN:189,(anonymous_13)
FN:206,(anonymous_14)
FNF:11
FNH:0
FNDA:0,(anonymous_4)
FNDA:0,(anonymous_5)
FNDA:0,(anonymous_6)
FNDA:0,(anonymous_7)
FNDA:0,(anonymous_8)
FNDA:0,(anonymous_9)
FNDA:0,(anonymous_10)
FNDA:0,(anonymous_11)
FNDA:0,(anonymous_12)
FNDA:0,(anonymous_13)
FNDA:0,(anonymous_14)
DA:1,0
DA:12,0
DA:19,0
DA:20,0
DA:27,0
DA:31,0
DA:40,0
DA:41,0
DA:54,0
DA:55,0
DA:67,0
DA:71,0
DA:82,0
DA:86,0
DA:97,0
DA:102,0
DA:113,0
DA:117,0
DA:133,0
DA:138,0
DA:150,0
DA:155,0
DA:173,0
DA:177,0
DA:189,0
DA:194,0
DA:206,0
DA:212,0
LF:28
LH:0
BRDA:69,0,0,0
BRDA:69,0,1,0
BRDA:69,1,0,0
BRDA:69,1,1,0
BRDA:100,2,0,0
BRDA:100,2,1,0
BRDA:100,3,0,0
BRDA:100,3,1,0
BRDA:136,4,0,0
BRDA:136,4,1,0
BRDA:136,5,0,0
BRDA:136,5,1,0
BRDA:192,6,0,0
BRDA:192,6,1,0
BRDA:192,7,0,0
BRDA:192,7,1,0
BRDA:210,8,0,0
BRDA:210,8,1,0
BRDA:210,9,0,0
BRDA:210,9,1,0
BRDA:41,10,0,0
BRDA:41,10,1,0
BRDA:41,11,0,0
BRDA:41,11,1,0
BRF:24
BRH:0
end_of_record
TN:
SF:src/units/units.module.ts
FNF:0
FNH:0
DA:1,0
DA:2,0
DA:3,0
DA:4,0
DA:12,0
LF:5
LH:0
BRF:0
BRH:0
end_of_record
TN:
SF:src/units/units.service.ts
FN:18,(anonymous_2)
FN:81,(anonymous_3)
FN:94,(anonymous_4)
FN:108,(anonymous_5)
FN:121,(anonymous_6)
FN:167,(anonymous_7)
FN:192,(anonymous_8)
FN:205,(anonymous_9)
FN:249,(anonymous_10)
FN:272,(anonymous_11)
FN:276,(anonymous_12)
FN:277,(anonymous_13)
FN:302,(anonymous_14)
FN:306,(anonymous_15)
FN:349,(anonymous_16)
FNF:15
FNH:0
FNDA:0,(anonymous_2)
FNDA:0,(anonymous_3)
FNDA:0,(anonymous_4)
FNDA:0,(anonymous_5)
FNDA:0,(anonymous_6)
FNDA:0,(anonymous_7)
FNDA:0,(anonymous_8)
FNDA:0,(anonymous_9)
FNDA:0,(anonymous_10)
FNDA:0,(anonymous_11)
FNDA:0,(anonymous_12)
FNDA:0,(anonymous_13)
FNDA:0,(anonymous_14)
FNDA:0,(anonymous_15)
FNDA:0,(anonymous_16)
DA:1,0
DA:7,0
DA:17,0
DA:18,0
DA:20,0
DA:82,0
DA:90,0
DA:91,0
DA:94,0
DA:96,0
DA:109,0
DA:114,0
DA:115,0
DA:118,0
DA:122,0
DA:127,0
DA:128,0
DA:131,0
DA:132,0
DA:137,0
DA:138,0
DA:143,0
DA:144,0
DA:150,0
DA:168,0
DA:170,0
DA:172,0
DA:173,0
DA:174,0
DA:175,0
DA:176,0
DA:177,0
DA:178,0
DA:179,0
DA:180,0
DA:181,0
DA:182,0
DA:183,0
DA:185,0
DA:193,0
DA:195,0
DA:206,0
DA:208,0
DA:213,0
DA:214,0
DA:217,0
DA:221,0
DA:222,0
DA:223,0
DA:228,0
DA:238,0
DA:250,0
DA:252,0
DA:256,0
DA:257,0
DA:262,0
DA:273,0
DA:275,0
DA:276,0
DA:277,0
DA:279,0
DA:280,0
DA:283,0
DA:303,0
DA:305,0
DA:306,0
DA:309,0
DA:310,0
DA:315,0
DA:319,0
DA:320,0
DA:325,0
DA:354,0
DA:356,0
DA:360,0
DA:361,0
DA:366,0
DA:368,0
DA:369,0
DA:370,0
DA:371,0
DA:373,0
LF:82
LH:0
BRDA:90,0,0,0
BRDA:90,0,1,0
BRDA:99,1,0,0
BRDA:99,1,1,0
BRDA:114,2,0,0
BRDA:114,2,1,0
BRDA:127,3,0,0
BRDA:127,3,1,0
BRDA:131,4,0,0
BRDA:131,4,1,0
BRDA:137,5,0,0
BRDA:137,5,1,0
BRDA:143,6,0,0
BRDA:143,6,1,0
BRDA:172,7,0,0
BRDA:172,7,1,0
BRDA:173,8,0,0
BRDA:173,8,1,0
BRDA:174,9,0,0
BRDA:174,9,1,0
BRDA:176,10,0,0
BRDA:176,10,1,0
BRDA:177,11,0,0
BRDA:177,11,1,0
BRDA:179,12,0,0
BRDA:179,12,1,0
BRDA:181,13,0,0
BRDA:181,13,1,0
BRDA:183,14,0,0
BRDA:183,14,1,0
BRDA:213,15,0,0
BRDA:213,15,1,0
BRDA:221,16,0,0
BRDA:221,16,1,0
BRDA:222,17,0,0
BRDA:222,17,1,0
BRDA:256,18,0,0
BRDA:256,18,1,0
BRDA:279,19,0,0
BRDA:279,19,1,0
BRDA:306,20,0,0
BRDA:306,20,1,0
BRDA:309,21,0,0
BRDA:309,21,1,0
BRDA:319,22,0,0
BRDA:319,22,1,0
BRDA:360,23,0,0
BRDA:360,23,1,0
BRDA:368,24,0,0
BRDA:368,24,1,0
BRDA:369,25,0,0
BRDA:369,25,1,0
BRDA:370,26,0,0
BRDA:370,26,1,0
BRDA:371,27,0,0
BRDA:371,27,1,0
BRDA:18,28,0,0
BRDA:18,28,1,0
BRDA:18,29,0,0
BRDA:18,29,1,0
BRF:60
BRH:0
end_of_record
TN:
SF:src/units/dto/index.ts
FNF:0
FNH:0
DA:1,0
LF:1
LH:0
BRF:0
BRH:0
end_of_record
TN:
SF:src/units/dto/units.dto.ts
FN:38,(anonymous_2)
FN:44,(anonymous_3)
FN:77,(anonymous_4)
FN:83,(anonymous_5)
FN:105,(anonymous_6)
FN:112,(anonymous_7)
FN:118,(anonymous_8)
FN:124,(anonymous_9)
FN:133,(anonymous_10)
FN:140,(anonymous_11)
FN:147,(anonymous_12)
FNF:11
FNH:0
FNDA:0,(anonymous_2)
FNDA:0,(anonymous_3)
FNDA:0,(anonymous_4)
FNDA:0,(anonymous_5)
FNDA:0,(anonymous_6)
FNDA:0,(anonymous_7)
FNDA:0,(anonymous_8)
FNDA:0,(anonymous_9)
FNDA:0,(anonymous_10)
FNDA:0,(anonymous_11)
FNDA:0,(anonymous_12)
DA:1,0
DA:10,0
DA:11,0
DA:13,0
DA:16,0
DA:20,0
DA:24,0
DA:28,0
DA:33,0
DA:38,0
DA:40,0
DA:44,0
DA:46,0
DA:49,0
DA:53,0
DA:58,0
DA:63,0
DA:68,0
DA:73,0
DA:77,0
DA:79,0
DA:83,0
DA:85,0
DA:90,0
DA:93,0
DA:96,0
DA:99,0
DA:102,0
DA:105,0
DA:109,0
DA:112,0
DA:115,0
DA:118,0
DA:121,0
DA:124,0
DA:127,0
DA:130,0
DA:133,0
DA:136,0
DA:140,0
DA:143,0
DA:147,0
DA:150,0
DA:155,0
LF:44
LH:0
BRF:0
BRH:0
end_of_record
TN:
SF:src/users/users.controller.ts
FN:46,(anonymous_4)
FN:54,(anonymous_5)
FN:63,(anonymous_6)
FN:72,(anonymous_7)
FN:81,(anonymous_8)
FN:91,(anonymous_9)
FN:108,(anonymous_10)
FN:125,(anonymous_11)
FN:142,(anonymous_12)
FN:161,(anonymous_13)
FN:180,(anonymous_14)
FN:199,(anonymous_15)
FN:225,(anonymous_16)
FN:246,(anonymous_17)
FN:255,(anonymous_18)
FN:273,(anonymous_19)
FNF:16
FNH:0
FNDA:0,(anonymous_4)
FNDA:0,(anonymous_5)
FNDA:0,(anonymous_6)
FNDA:0,(anonymous_7)
FNDA:0,(anonymous_8)
FNDA:0,(anonymous_9)
FNDA:0,(anonymous_10)
FNDA:0,(anonymous_11)
FNDA:0,(anonymous_12)
FNDA:0,(anonymous_13)
FNDA:0,(anonymous_14)
FNDA:0,(anonymous_15)
FNDA:0,(anonymous_16)
FNDA:0,(anonymous_17)
FNDA:0,(anonymous_18)
FNDA:0,(anonymous_19)
DA:1,0
DA:18,0
DA:19,0
DA:27,0
DA:28,0
DA:29,0
DA:34,0
DA:39,0
DA:45,0
DA:46,0
DA:54,0
DA:55,0
DA:63,0
DA:64,0
DA:72,0
DA:73,0
DA:81,0
DA:82,0
DA:91,0
DA:95,0
DA:108,0
DA:112,0
DA:125,0
DA:129,0
DA:142,0
DA:146,0
DA:161,0
DA:165,0
DA:180,0
DA:184,0
DA:199,0
DA:203,0
DA:225,0
DA:237,0
DA:246,0
DA:247,0
DA:255,0
DA:256,0
DA:257,0
DA:273,0
DA:274,0
DA:276,0
DA:278,0
LF:43
LH:0
BRDA:283,0,0,0
BRDA:283,0,1,0
BRDA:93,1,0,0
BRDA:93,1,1,0
BRDA:93,2,0,0
BRDA:93,2,1,0
BRDA:110,3,0,0
BRDA:110,3,1,0
BRDA:110,4,0,0
BRDA:110,4,1,0
BRDA:127,5,0,0
BRDA:127,5,1,0
BRDA:127,6,0,0
BRDA:127,6,1,0
BRDA:144,7,0,0
BRDA:144,7,1,0
BRDA:144,8,0,0
BRDA:144,8,1,0
BRDA:235,9,0,0
BRDA:235,9,1,0
BRDA:235,10,0,0
BRDA:235,10,1,0
BRDA:235,10,2,0
BRDA:46,11,0,0
BRDA:46,11,1,0
BRDA:46,12,0,0
BRDA:46,12,1,0
BRF:27
BRH:0
end_of_record
TN:
SF:src/users/users.module.ts
FNF:0
FNH:0
DA:1,0
DA:2,0
DA:3,0
DA:10,0
LF:4
LH:0
BRF:0
BRH:0
end_of_record
TN:
SF:src/users/users.service.ts
FN:27,(anonymous_4)
FN:33,(anonymous_5)
FN:45,(anonymous_6)
FN:123,(anonymous_7)
FN:134,(anonymous_8)
FN:135,(anonymous_9)
FN:144,(anonymous_10)
FN:155,(anonymous_11)
FN:156,(anonymous_12)
FN:165,(anonymous_13)
FN:176,(anonymous_14)
FN:177,(anonymous_15)
FN:186,(anonymous_16)
FN:225,(anonymous_17)
FN:268,(anonymous_18)
FN:289,(anonymous_19)
FN:296,(anonymous_20)
FN:317,(anonymous_21)
FN:324,(anonymous_22)
FN:345,(anonymous_23)
FN:352,(anonymous_24)
FN:358,(anonymous_25)
FN:430,(anonymous_26)
FN:436,(anonymous_27)
FN:508,(anonymous_28)
FN:514,(anonymous_29)
FN:586,(anonymous_30)
FN:620,(anonymous_31)
FN:654,(anonymous_32)
FN:688,(anonymous_33)
FN:762,(anonymous_34)
FN:832,(anonymous_35)
FN:857,(anonymous_36)
FN:862,(anonymous_37)
FN:878,(anonymous_38)
FN:903,(anonymous_39)
FNF:36
FNH:0
FNDA:0,(anonymous_4)
FNDA:0,(anonymous_5)
FNDA:0,(anonymous_6)
FNDA:0,(anonymous_7)
FNDA:0,(anonymous_8)
FNDA:0,(anonymous_9)
FNDA:0,(anonymous_10)
FNDA:0,(anonymous_11)
FNDA:0,(anonymous_12)
FNDA:0,(anonymous_13)
FNDA:0,(anonymous_14)
FNDA:0,(anonymous_15)
FNDA:0,(anonymous_16)
FNDA:0,(anonymous_17)
FNDA:0,(anonymous_18)
FNDA:0,(anonymous_19)
FNDA:0,(anonymous_20)
FNDA:0,(anonymous_21)
FNDA:0,(anonymous_22)
FNDA:0,(anonymous_23)
FNDA:0,(anonymous_24)
FNDA:0,(anonymous_25)
FNDA:0,(anonymous_26)
FNDA:0,(anonymous_27)
FNDA:0,(anonymous_28)
FNDA:0,(anonymous_29)
FNDA:0,(anonymous_30)
FNDA:0,(anonymous_31)
FNDA:0,(anonymous_32)
FNDA:0,(anonymous_33)
FNDA:0,(anonymous_34)
FNDA:0,(anonymous_35)
FNDA:0,(anonymous_36)
FNDA:0,(anonymous_37)
FNDA:0,(anonymous_38)
FNDA:0,(anonymous_39)
DA:1,0
DA:9,0
DA:16,0
DA:23,0
DA:24,0
DA:25,0
DA:28,0
DA:30,0
DA:34,0
DA:38,0
DA:39,0
DA:42,0
DA:56,0
DA:58,0
DA:59,0
DA:63,0
DA:64,0
DA:68,0
DA:69,0
DA:73,0
DA:74,0
DA:78,0
DA:79,0
DA:83,0
DA:84,0
DA:88,0
DA:89,0
DA:91,0
DA:92,0
DA:93,0
DA:99,0
DA:100,0
DA:107,0
DA:109,0
DA:110,0
DA:115,0
DA:116,0
DA:124,0
DA:126,0
DA:134,0
DA:135,0
DA:137,0
DA:138,0
DA:145,0
DA:147,0
DA:155,0
DA:156,0
DA:158,0
DA:159,0
DA:166,0
DA:168,0
DA:176,0
DA:177,0
DA:179,0
DA:180,0
DA:187,0
DA:211,0
DA:212,0
DA:215,0
DA:216,0
DA:222,0
DA:227,0
DA:230,0
DA:231,0
DA:236,0
DA:238,0
DA:259,0
DA:261,0
DA:269,0
DA:271,0
DA:287,0
DA:289,0
DA:297,0
DA:299,0
DA:315,0
DA:317,0
DA:325,0
DA:327,0
DA:343,0
DA:345,0
DA:353,0
DA:355,0
DA:356,0
DA:358,0
DA:359,0
DA:361,0
DA:375,0
DA:376,0
DA:384,0
DA:385,0
DA:393,0
DA:403,0
DA:421,0
DA:423,0
DA:431,0
DA:433,0
DA:434,0
DA:436,0
DA:437,0
DA:439,0
DA:453,0
DA:454,0
DA:462,0
DA:463,0
DA:471,0
DA:481,0
DA:499,0
DA:501,0
DA:509,0
DA:511,0
DA:512,0
DA:514,0
DA:515,0
DA:517,0
DA:531,0
DA:532,0
DA:540,0
DA:541,0
DA:549,0
DA:559,0
DA:577,0
DA:579,0
DA:587,0
DA:589,0
DA:590,0
DA:602,0
DA:603,0
DA:608,0
DA:610,0
DA:621,0
DA:623,0
DA:624,0
DA:636,0
DA:637,0
DA:642,0
DA:644,0
DA:655,0
DA:657,0
DA:658,0
DA:670,0
DA:671,0
DA:676,0
DA:678,0
DA:690,0
DA:691,0
DA:692,0
DA:698,0
DA:699,0
DA:700,0
DA:704,0
DA:705,0
DA:707,0
DA:712,0
DA:713,0
DA:718,0
DA:719,0
DA:728,0
DA:729,0
DA:732,0
DA:733,0
DA:738,0
DA:739,0
DA:742,0
DA:745,0
DA:747,0
DA:749,0
DA:763,0
DA:768,0
DA:769,0
DA:772,0
DA:773,0
DA:776,0
DA:781,0
DA:783,0
DA:784,0
DA:789,0
DA:793,0
DA:796,0
DA:797,0
DA:798,0
DA:802,0
DA:804,0
DA:805,0
DA:810,0
DA:816,0
DA:819,0
DA:824,0
DA:826,0
DA:833,0
DA:838,0
DA:839,0
DA:842,0
DA:843,0
DA:844,0
DA:845,0
DA:847,0
DA:851,0
DA:854,0
DA:858,0
DA:859,0
DA:866,0
DA:868,0
DA:869,0
DA:871,0
DA:882,0
DA:884,0
DA:889,0
DA:891,0
DA:892,0
DA:896,0
DA:907,0
DA:909,0
DA:910,0
DA:914,0
DA:918,0
LF:215
LH:0
BRDA:38,0,0,0
BRDA:38,0,1,0
BRDA:58,1,0,0
BRDA:58,1,1,0
BRDA:63,2,0,0
BRDA:63,2,1,0
BRDA:68,3,0,0
BRDA:68,3,1,0
BRDA:73,4,0,0
BRDA:73,4,1,0
BRDA:78,5,0,0
BRDA:78,5,1,0
BRDA:83,6,0,0
BRDA:83,6,1,0
BRDA:88,7,0,0
BRDA:88,7,1,0
BRDA:89,8,0,0
BRDA:89,8,1,0
BRDA:91,9,0,0
BRDA:91,9,1,0
BRDA:91,10,0,0
BRDA:91,10,1,0
BRDA:92,11,0,0
BRDA:92,11,1,0
BRDA:92,12,0,0
BRDA:92,12,1,0
BRDA:99,13,0,0
BRDA:99,13,1,0
BRDA:99,14,0,0
BRDA:99,14,1,0
BRDA:107,15,0,0
BRDA:107,15,1,0
BRDA:109,16,0,0
BRDA:109,16,1,0
BRDA:109,17,0,0
BRDA:109,17,1,0
BRDA:115,18,0,0
BRDA:115,18,1,0
BRDA:115,19,0,0
BRDA:115,19,1,0
BRDA:124,20,0,0
BRDA:124,20,1,0
BRDA:137,21,0,0
BRDA:137,21,1,0
BRDA:145,22,0,0
BRDA:145,22,1,0
BRDA:158,23,0,0
BRDA:158,23,1,0
BRDA:166,24,0,0
BRDA:166,24,1,0
BRDA:179,25,0,0
BRDA:179,25,1,0
BRDA:211,26,0,0
BRDA:211,26,1,0
BRDA:215,27,0,0
BRDA:215,27,1,0
BRDA:230,28,0,0
BRDA:230,28,1,0
BRDA:230,29,0,0
BRDA:230,29,1,0
BRDA:291,30,0,0
BRDA:291,30,1,0
BRDA:365,31,0,0
BRDA:365,31,1,0
BRDA:384,32,0,0
BRDA:384,32,1,0
BRDA:443,33,0,0
BRDA:443,33,1,0
BRDA:462,34,0,0
BRDA:462,34,1,0
BRDA:521,35,0,0
BRDA:521,35,1,0
BRDA:540,36,0,0
BRDA:540,36,1,0
BRDA:602,37,0,0
BRDA:602,37,1,0
BRDA:636,38,0,0
BRDA:636,38,1,0
BRDA:670,39,0,0
BRDA:670,39,1,0
BRDA:691,40,0,0
BRDA:691,40,1,0
BRDA:699,41,0,0
BRDA:699,41,1,0
BRDA:712,42,0,0
BRDA:712,42,1,0
BRDA:768,43,0,0
BRDA:768,43,1,0
BRDA:772,44,0,0
BRDA:772,44,1,0
BRDA:796,45,0,0
BRDA:796,45,1,0
BRDA:838,46,0,0
BRDA:838,46,1,0
BRDA:838,47,0,0
BRDA:838,47,1,0
BRDA:847,48,0,0
BRDA:847,48,1,0
BRDA:848,49,0,0
BRDA:848,49,1,0
BRDA:848,49,2,0
BRDA:859,50,0,0
BRDA:859,50,1,0
BRDA:866,51,0,0
BRDA:866,51,1,0
BRDA:882,52,0,0
BRDA:882,52,1,0
BRDA:889,53,0,0
BRDA:889,53,1,0
BRDA:889,54,0,0
BRDA:889,54,1,0
BRDA:907,55,0,0
BRDA:907,55,1,0
BRDA:28,56,0,0
BRDA:28,56,1,0
BRDA:28,57,0,0
BRDA:28,57,1,0
BRF:117
BRH:0
end_of_record
TN:
SF:src/users/dto/update-user-medical.dto.ts
FN:13,(anonymous_2)
FN:27,(anonymous_3)
FN:41,(anonymous_4)
FNF:3
FNH:0
FNDA:0,(anonymous_2)
FNDA:0,(anonymous_3)
FNDA:0,(anonymous_4)
DA:1,0
DA:2,0
DA:3,0
DA:5,0
DA:13,0
DA:16,0
DA:19,0
DA:27,0
DA:30,0
DA:33,0
DA:41,0
DA:44,0
LF:12
LH:0
BRF:0
BRH:0
end_of_record
TN:
SF:src/users/dto/update-user.dto.ts
FN:41,(anonymous_2)
FN:58,(anonymous_3)
FN:68,(anonymous_4)
FN:78,(anonymous_5)
FNF:4
FNH:0
FNDA:0,(anonymous_2)
FNDA:0,(anonymous_3)
FNDA:0,(anonymous_4)
FNDA:0,(anonymous_5)
DA:1,0
DA:12,0
DA:13,0
DA:14,0
DA:16,0
DA:20,0
DA:28,0
DA:33,0
DA:41,0
DA:42,0
DA:51,0
DA:58,0
DA:61,0
DA:68,0
DA:71,0
DA:78,0
DA:81,0
LF:17
LH:0
BRDA:51,0,0,0
BRDA:51,0,1,0
BRDA:51,1,0,0
BRDA:51,1,1,0
BRF:4
BRH:0
end_of_record
